
AVRASM ver. 2.1.30  C:\Users\Mohamed\Desktop\code_vision_projects\bonus_GG_EZ\Debug\List\bonus_GG_EZ.asm Mon Dec 13 17:35:40 2021

C:\Users\Mohamed\Desktop\code_vision_projects\bonus_GG_EZ\Debug\List\bonus_GG_EZ.asm(1087): warning: Register r5 already defined by the .DEF directive
C:\Users\Mohamed\Desktop\code_vision_projects\bonus_GG_EZ\Debug\List\bonus_GG_EZ.asm(1088): warning: Register r4 already defined by the .DEF directive
C:\Users\Mohamed\Desktop\code_vision_projects\bonus_GG_EZ\Debug\List\bonus_GG_EZ.asm(1089): warning: Register r7 already defined by the .DEF directive
C:\Users\Mohamed\Desktop\code_vision_projects\bonus_GG_EZ\Debug\List\bonus_GG_EZ.asm(1090): warning: Register r6 already defined by the .DEF directive
C:\Users\Mohamed\Desktop\code_vision_projects\bonus_GG_EZ\Debug\List\bonus_GG_EZ.asm(1091): warning: Register r9 already defined by the .DEF directive
C:\Users\Mohamed\Desktop\code_vision_projects\bonus_GG_EZ\Debug\List\bonus_GG_EZ.asm(1092): warning: Register r8 already defined by the .DEF directive
                 
                 
                 ;CodeVisionAVR C Compiler V3.14 Advanced
                 ;(C) Copyright 1998-2014 Pavel Haiduc, HP InfoTech s.r.l.
                 ;http://www.hpinfotech.com
                 
                 ;Build configuration    : Debug
                 ;Chip type              : ATmega32A
                 ;Program type           : Application
                 ;Clock frequency        : 11.059200 MHz
                 ;Memory model           : Small
                 ;Optimize for           : Size
                 ;(s)printf features     : int, width
                 ;(s)scanf features      : int, width
                 ;External RAM size      : 0
                 ;Data Stack size        : 512 byte(s)
                 ;Heap size              : 0 byte(s)
                 ;Promote 'char' to 'int': Yes
                 ;'char' is unsigned     : Yes
                 ;8 bit enums            : Yes
                 ;Global 'const' stored in FLASH: Yes
                 ;Enhanced function parameter passing: Yes
                 ;Enhanced core instructions: On
                 ;Automatic register allocation for global variables: On
                 ;Smart register allocation: On
                 
                 	#define _MODEL_SMALL_
                 
                 	#pragma AVRPART ADMIN PART_NAME ATmega32A
                 	#pragma AVRPART MEMORY PROG_FLASH 32768
                 	#pragma AVRPART MEMORY EEPROM 1024
                 	#pragma AVRPART MEMORY INT_SRAM SIZE 2048
                 	#pragma AVRPART MEMORY INT_SRAM START_ADDR 0x60
                 
                 	#define CALL_SUPPORTED 1
                 
                 	.LISTMAC
                 	.EQU UDRE=0x5
                 	.EQU RXC=0x7
                 	.EQU USR=0xB
                 	.EQU UDR=0xC
                 	.EQU SPSR=0xE
                 	.EQU SPDR=0xF
                 	.EQU EERE=0x0
                 	.EQU EEWE=0x1
                 	.EQU EEMWE=0x2
                 	.EQU EECR=0x1C
                 	.EQU EEDR=0x1D
                 	.EQU EEARL=0x1E
                 	.EQU EEARH=0x1F
                 	.EQU WDTCR=0x21
                 	.EQU MCUCR=0x35
                 	.EQU SPL=0x3D
                 	.EQU SPH=0x3E
                 	.EQU SREG=0x3F
                 
                 	.DEF R0X0=R0
                 	.DEF R0X1=R1
                 	.DEF R0X2=R2
                 	.DEF R0X3=R3
                 	.DEF R0X4=R4
                 	.DEF R0X5=R5
                 	.DEF R0X6=R6
                 	.DEF R0X7=R7
                 	.DEF R0X8=R8
                 	.DEF R0X9=R9
                 	.DEF R0XA=R10
                 	.DEF R0XB=R11
                 	.DEF R0XC=R12
                 	.DEF R0XD=R13
                 	.DEF R0XE=R14
                 	.DEF R0XF=R15
                 	.DEF R0X10=R16
                 	.DEF R0X11=R17
                 	.DEF R0X12=R18
                 	.DEF R0X13=R19
                 	.DEF R0X14=R20
                 	.DEF R0X15=R21
                 	.DEF R0X16=R22
                 	.DEF R0X17=R23
                 	.DEF R0X18=R24
                 	.DEF R0X19=R25
                 	.DEF R0X1A=R26
                 	.DEF R0X1B=R27
                 	.DEF R0X1C=R28
                 	.DEF R0X1D=R29
                 	.DEF R0X1E=R30
                 	.DEF R0X1F=R31
                 
                 	.EQU __SRAM_START=0x0060
                 	.EQU __SRAM_END=0x085F
                 	.EQU __DSTACK_SIZE=0x0200
                 	.EQU __HEAP_SIZE=0x0000
                 	.EQU __CLEAR_SRAM_SIZE=__SRAM_END-__SRAM_START+1
                 
                 	.MACRO __CPD1N
                 	CPI  R30,LOW(@0)
                 	LDI  R26,HIGH(@0)
                 	CPC  R31,R26
                 	LDI  R26,BYTE3(@0)
                 	CPC  R22,R26
                 	LDI  R26,BYTE4(@0)
                 	CPC  R23,R26
                 	.ENDM
                 
                 	.MACRO __CPD2N
                 	CPI  R26,LOW(@0)
                 	LDI  R30,HIGH(@0)
                 	CPC  R27,R30
                 	LDI  R30,BYTE3(@0)
                 	CPC  R24,R30
                 	LDI  R30,BYTE4(@0)
                 	CPC  R25,R30
                 	.ENDM
                 
                 	.MACRO __CPWRR
                 	CP   R@0,R@2
                 	CPC  R@1,R@3
                 	.ENDM
                 
                 	.MACRO __CPWRN
                 	CPI  R@0,LOW(@2)
                 	LDI  R30,HIGH(@2)
                 	CPC  R@1,R30
                 	.ENDM
                 
                 	.MACRO __ADDB1MN
                 	SUBI R30,LOW(-@0-(@1))
                 	.ENDM
                 
                 	.MACRO __ADDB2MN
                 	SUBI R26,LOW(-@0-(@1))
                 	.ENDM
                 
                 	.MACRO __ADDW1MN
                 	SUBI R30,LOW(-@0-(@1))
                 	SBCI R31,HIGH(-@0-(@1))
                 	.ENDM
                 
                 	.MACRO __ADDW2MN
                 	SUBI R26,LOW(-@0-(@1))
                 	SBCI R27,HIGH(-@0-(@1))
                 	.ENDM
                 
                 	.MACRO __ADDW1FN
                 	SUBI R30,LOW(-2*@0-(@1))
                 	SBCI R31,HIGH(-2*@0-(@1))
                 	.ENDM
                 
                 	.MACRO __ADDD1FN
                 	SUBI R30,LOW(-2*@0-(@1))
                 	SBCI R31,HIGH(-2*@0-(@1))
                 	SBCI R22,BYTE3(-2*@0-(@1))
                 	.ENDM
                 
                 	.MACRO __ADDD1N
                 	SUBI R30,LOW(-@0)
                 	SBCI R31,HIGH(-@0)
                 	SBCI R22,BYTE3(-@0)
                 	SBCI R23,BYTE4(-@0)
                 	.ENDM
                 
                 	.MACRO __ADDD2N
                 	SUBI R26,LOW(-@0)
                 	SBCI R27,HIGH(-@0)
                 	SBCI R24,BYTE3(-@0)
                 	SBCI R25,BYTE4(-@0)
                 	.ENDM
                 
                 	.MACRO __SUBD1N
                 	SUBI R30,LOW(@0)
                 	SBCI R31,HIGH(@0)
                 	SBCI R22,BYTE3(@0)
                 	SBCI R23,BYTE4(@0)
                 	.ENDM
                 
                 	.MACRO __SUBD2N
                 	SUBI R26,LOW(@0)
                 	SBCI R27,HIGH(@0)
                 	SBCI R24,BYTE3(@0)
                 	SBCI R25,BYTE4(@0)
                 	.ENDM
                 
                 	.MACRO __ANDBMNN
                 	LDS  R30,@0+(@1)
                 	ANDI R30,LOW(@2)
                 	STS  @0+(@1),R30
                 	.ENDM
                 
                 	.MACRO __ANDWMNN
                 	LDS  R30,@0+(@1)
                 	ANDI R30,LOW(@2)
                 	STS  @0+(@1),R30
                 	LDS  R30,@0+(@1)+1
                 	ANDI R30,HIGH(@2)
                 	STS  @0+(@1)+1,R30
                 	.ENDM
                 
                 	.MACRO __ANDD1N
                 	ANDI R30,LOW(@0)
                 	ANDI R31,HIGH(@0)
                 	ANDI R22,BYTE3(@0)
                 	ANDI R23,BYTE4(@0)
                 	.ENDM
                 
                 	.MACRO __ANDD2N
                 	ANDI R26,LOW(@0)
                 	ANDI R27,HIGH(@0)
                 	ANDI R24,BYTE3(@0)
                 	ANDI R25,BYTE4(@0)
                 	.ENDM
                 
                 	.MACRO __ORBMNN
                 	LDS  R30,@0+(@1)
                 	ORI  R30,LOW(@2)
                 	STS  @0+(@1),R30
                 	.ENDM
                 
                 	.MACRO __ORWMNN
                 	LDS  R30,@0+(@1)
                 	ORI  R30,LOW(@2)
                 	STS  @0+(@1),R30
                 	LDS  R30,@0+(@1)+1
                 	ORI  R30,HIGH(@2)
                 	STS  @0+(@1)+1,R30
                 	.ENDM
                 
                 	.MACRO __ORD1N
                 	ORI  R30,LOW(@0)
                 	ORI  R31,HIGH(@0)
                 	ORI  R22,BYTE3(@0)
                 	ORI  R23,BYTE4(@0)
                 	.ENDM
                 
                 	.MACRO __ORD2N
                 	ORI  R26,LOW(@0)
                 	ORI  R27,HIGH(@0)
                 	ORI  R24,BYTE3(@0)
                 	ORI  R25,BYTE4(@0)
                 	.ENDM
                 
                 	.MACRO __DELAY_USB
                 	LDI  R24,LOW(@0)
                 __DELAY_USB_LOOP:
                 	DEC  R24
                 	BRNE __DELAY_USB_LOOP
                 	.ENDM
                 
                 	.MACRO __DELAY_USW
                 	LDI  R24,LOW(@0)
                 	LDI  R25,HIGH(@0)
                 __DELAY_USW_LOOP:
                 	SBIW R24,1
                 	BRNE __DELAY_USW_LOOP
                 	.ENDM
                 
                 	.MACRO __GETD1S
                 	LDD  R30,Y+@0
                 	LDD  R31,Y+@0+1
                 	LDD  R22,Y+@0+2
                 	LDD  R23,Y+@0+3
                 	.ENDM
                 
                 	.MACRO __GETD2S
                 	LDD  R26,Y+@0
                 	LDD  R27,Y+@0+1
                 	LDD  R24,Y+@0+2
                 	LDD  R25,Y+@0+3
                 	.ENDM
                 
                 	.MACRO __PUTD1S
                 	STD  Y+@0,R30
                 	STD  Y+@0+1,R31
                 	STD  Y+@0+2,R22
                 	STD  Y+@0+3,R23
                 	.ENDM
                 
                 	.MACRO __PUTD2S
                 	STD  Y+@0,R26
                 	STD  Y+@0+1,R27
                 	STD  Y+@0+2,R24
                 	STD  Y+@0+3,R25
                 	.ENDM
                 
                 	.MACRO __PUTDZ2
                 	STD  Z+@0,R26
                 	STD  Z+@0+1,R27
                 	STD  Z+@0+2,R24
                 	STD  Z+@0+3,R25
                 	.ENDM
                 
                 	.MACRO __CLRD1S
                 	STD  Y+@0,R30
                 	STD  Y+@0+1,R30
                 	STD  Y+@0+2,R30
                 	STD  Y+@0+3,R30
                 	.ENDM
                 
                 	.MACRO __POINTB1MN
                 	LDI  R30,LOW(@0+(@1))
                 	.ENDM
                 
                 	.MACRO __POINTW1MN
                 	LDI  R30,LOW(@0+(@1))
                 	LDI  R31,HIGH(@0+(@1))
                 	.ENDM
                 
                 	.MACRO __POINTD1M
                 	LDI  R30,LOW(@0)
                 	LDI  R31,HIGH(@0)
                 	LDI  R22,BYTE3(@0)
                 	LDI  R23,BYTE4(@0)
                 	.ENDM
                 
                 	.MACRO __POINTW1FN
                 	LDI  R30,LOW(2*@0+(@1))
                 	LDI  R31,HIGH(2*@0+(@1))
                 	.ENDM
                 
                 	.MACRO __POINTD1FN
                 	LDI  R30,LOW(2*@0+(@1))
                 	LDI  R31,HIGH(2*@0+(@1))
                 	LDI  R22,BYTE3(2*@0+(@1))
                 	LDI  R23,BYTE4(2*@0+(@1))
                 	.ENDM
                 
                 	.MACRO __POINTB2MN
                 	LDI  R26,LOW(@0+(@1))
                 	.ENDM
                 
                 	.MACRO __POINTW2MN
                 	LDI  R26,LOW(@0+(@1))
                 	LDI  R27,HIGH(@0+(@1))
                 	.ENDM
                 
                 	.MACRO __POINTW2FN
                 	LDI  R26,LOW(2*@0+(@1))
                 	LDI  R27,HIGH(2*@0+(@1))
                 	.ENDM
                 
                 	.MACRO __POINTD2FN
                 	LDI  R26,LOW(2*@0+(@1))
                 	LDI  R27,HIGH(2*@0+(@1))
                 	LDI  R24,BYTE3(2*@0+(@1))
                 	LDI  R25,BYTE4(2*@0+(@1))
                 	.ENDM
                 
                 	.MACRO __POINTBRM
                 	LDI  R@0,LOW(@1)
                 	.ENDM
                 
                 	.MACRO __POINTWRM
                 	LDI  R@0,LOW(@2)
                 	LDI  R@1,HIGH(@2)
                 	.ENDM
                 
                 	.MACRO __POINTBRMN
                 	LDI  R@0,LOW(@1+(@2))
                 	.ENDM
                 
                 	.MACRO __POINTWRMN
                 	LDI  R@0,LOW(@2+(@3))
                 	LDI  R@1,HIGH(@2+(@3))
                 	.ENDM
                 
                 	.MACRO __POINTWRFN
                 	LDI  R@0,LOW(@2*2+(@3))
                 	LDI  R@1,HIGH(@2*2+(@3))
                 	.ENDM
                 
                 	.MACRO __GETD1N
                 	LDI  R30,LOW(@0)
                 	LDI  R31,HIGH(@0)
                 	LDI  R22,BYTE3(@0)
                 	LDI  R23,BYTE4(@0)
                 	.ENDM
                 
                 	.MACRO __GETD2N
                 	LDI  R26,LOW(@0)
                 	LDI  R27,HIGH(@0)
                 	LDI  R24,BYTE3(@0)
                 	LDI  R25,BYTE4(@0)
                 	.ENDM
                 
                 	.MACRO __GETB1MN
                 	LDS  R30,@0+(@1)
                 	.ENDM
                 
                 	.MACRO __GETB1HMN
                 	LDS  R31,@0+(@1)
                 	.ENDM
                 
                 	.MACRO __GETW1MN
                 	LDS  R30,@0+(@1)
                 	LDS  R31,@0+(@1)+1
                 	.ENDM
                 
                 	.MACRO __GETD1MN
                 	LDS  R30,@0+(@1)
                 	LDS  R31,@0+(@1)+1
                 	LDS  R22,@0+(@1)+2
                 	LDS  R23,@0+(@1)+3
                 	.ENDM
                 
                 	.MACRO __GETBRMN
                 	LDS  R@0,@1+(@2)
                 	.ENDM
                 
                 	.MACRO __GETWRMN
                 	LDS  R@0,@2+(@3)
                 	LDS  R@1,@2+(@3)+1
                 	.ENDM
                 
                 	.MACRO __GETWRZ
                 	LDD  R@0,Z+@2
                 	LDD  R@1,Z+@2+1
                 	.ENDM
                 
                 	.MACRO __GETD2Z
                 	LDD  R26,Z+@0
                 	LDD  R27,Z+@0+1
                 	LDD  R24,Z+@0+2
                 	LDD  R25,Z+@0+3
                 	.ENDM
                 
                 	.MACRO __GETB2MN
                 	LDS  R26,@0+(@1)
                 	.ENDM
                 
                 	.MACRO __GETW2MN
                 	LDS  R26,@0+(@1)
                 	LDS  R27,@0+(@1)+1
                 	.ENDM
                 
                 	.MACRO __GETD2MN
                 	LDS  R26,@0+(@1)
                 	LDS  R27,@0+(@1)+1
                 	LDS  R24,@0+(@1)+2
                 	LDS  R25,@0+(@1)+3
                 	.ENDM
                 
                 	.MACRO __PUTB1MN
                 	STS  @0+(@1),R30
                 	.ENDM
                 
                 	.MACRO __PUTW1MN
                 	STS  @0+(@1),R30
                 	STS  @0+(@1)+1,R31
                 	.ENDM
                 
                 	.MACRO __PUTD1MN
                 	STS  @0+(@1),R30
                 	STS  @0+(@1)+1,R31
                 	STS  @0+(@1)+2,R22
                 	STS  @0+(@1)+3,R23
                 	.ENDM
                 
                 	.MACRO __PUTB1EN
                 	LDI  R26,LOW(@0+(@1))
                 	LDI  R27,HIGH(@0+(@1))
                 	CALL __EEPROMWRB
                 	.ENDM
                 
                 	.MACRO __PUTW1EN
                 	LDI  R26,LOW(@0+(@1))
                 	LDI  R27,HIGH(@0+(@1))
                 	CALL __EEPROMWRW
                 	.ENDM
                 
                 	.MACRO __PUTD1EN
                 	LDI  R26,LOW(@0+(@1))
                 	LDI  R27,HIGH(@0+(@1))
                 	CALL __EEPROMWRD
                 	.ENDM
                 
                 	.MACRO __PUTBR0MN
                 	STS  @0+(@1),R0
                 	.ENDM
                 
                 	.MACRO __PUTBMRN
                 	STS  @0+(@1),R@2
                 	.ENDM
                 
                 	.MACRO __PUTWMRN
                 	STS  @0+(@1),R@2
                 	STS  @0+(@1)+1,R@3
                 	.ENDM
                 
                 	.MACRO __PUTBZR
                 	STD  Z+@1,R@0
                 	.ENDM
                 
                 	.MACRO __PUTWZR
                 	STD  Z+@2,R@0
                 	STD  Z+@2+1,R@1
                 	.ENDM
                 
                 	.MACRO __GETW1R
                 	MOV  R30,R@0
                 	MOV  R31,R@1
                 	.ENDM
                 
                 	.MACRO __GETW2R
                 	MOV  R26,R@0
                 	MOV  R27,R@1
                 	.ENDM
                 
                 	.MACRO __GETWRN
                 	LDI  R@0,LOW(@2)
                 	LDI  R@1,HIGH(@2)
                 	.ENDM
                 
                 	.MACRO __PUTW1R
                 	MOV  R@0,R30
                 	MOV  R@1,R31
                 	.ENDM
                 
                 	.MACRO __PUTW2R
                 	MOV  R@0,R26
                 	MOV  R@1,R27
                 	.ENDM
                 
                 	.MACRO __ADDWRN
                 	SUBI R@0,LOW(-@2)
                 	SBCI R@1,HIGH(-@2)
                 	.ENDM
                 
                 	.MACRO __ADDWRR
                 	ADD  R@0,R@2
                 	ADC  R@1,R@3
                 	.ENDM
                 
                 	.MACRO __SUBWRN
                 	SUBI R@0,LOW(@2)
                 	SBCI R@1,HIGH(@2)
                 	.ENDM
                 
                 	.MACRO __SUBWRR
                 	SUB  R@0,R@2
                 	SBC  R@1,R@3
                 	.ENDM
                 
                 	.MACRO __ANDWRN
                 	ANDI R@0,LOW(@2)
                 	ANDI R@1,HIGH(@2)
                 	.ENDM
                 
                 	.MACRO __ANDWRR
                 	AND  R@0,R@2
                 	AND  R@1,R@3
                 	.ENDM
                 
                 	.MACRO __ORWRN
                 	ORI  R@0,LOW(@2)
                 	ORI  R@1,HIGH(@2)
                 	.ENDM
                 
                 	.MACRO __ORWRR
                 	OR   R@0,R@2
                 	OR   R@1,R@3
                 	.ENDM
                 
                 	.MACRO __EORWRR
                 	EOR  R@0,R@2
                 	EOR  R@1,R@3
                 	.ENDM
                 
                 	.MACRO __GETWRS
                 	LDD  R@0,Y+@2
                 	LDD  R@1,Y+@2+1
                 	.ENDM
                 
                 	.MACRO __PUTBSR
                 	STD  Y+@1,R@0
                 	.ENDM
                 
                 	.MACRO __PUTWSR
                 	STD  Y+@2,R@0
                 	STD  Y+@2+1,R@1
                 	.ENDM
                 
                 	.MACRO __MOVEWRR
                 	MOV  R@0,R@2
                 	MOV  R@1,R@3
                 	.ENDM
                 
                 	.MACRO __INWR
                 	IN   R@0,@2
                 	IN   R@1,@2+1
                 	.ENDM
                 
                 	.MACRO __OUTWR
                 	OUT  @2+1,R@1
                 	OUT  @2,R@0
                 	.ENDM
                 
                 	.MACRO __CALL1MN
                 	LDS  R30,@0+(@1)
                 	LDS  R31,@0+(@1)+1
                 	ICALL
                 	.ENDM
                 
                 	.MACRO __CALL1FN
                 	LDI  R30,LOW(2*@0+(@1))
                 	LDI  R31,HIGH(2*@0+(@1))
                 	CALL __GETW1PF
                 	ICALL
                 	.ENDM
                 
                 	.MACRO __CALL2EN
                 	PUSH R26
                 	PUSH R27
                 	LDI  R26,LOW(@0+(@1))
                 	LDI  R27,HIGH(@0+(@1))
                 	CALL __EEPROMRDW
                 	POP  R27
                 	POP  R26
                 	ICALL
                 	.ENDM
                 
                 	.MACRO __CALL2EX
                 	SUBI R26,LOW(-@0)
                 	SBCI R27,HIGH(-@0)
                 	CALL __EEPROMRDD
                 	ICALL
                 	.ENDM
                 
                 	.MACRO __GETW1STACK
                 	IN   R30,SPL
                 	IN   R31,SPH
                 	ADIW R30,@0+1
                 	LD   R0,Z+
                 	LD   R31,Z
                 	MOV  R30,R0
                 	.ENDM
                 
                 	.MACRO __GETD1STACK
                 	IN   R30,SPL
                 	IN   R31,SPH
                 	ADIW R30,@0+1
                 	LD   R0,Z+
                 	LD   R1,Z+
                 	LD   R22,Z
                 	MOVW R30,R0
                 	.ENDM
                 
                 	.MACRO __NBST
                 	BST  R@0,@1
                 	IN   R30,SREG
                 	LDI  R31,0x40
                 	EOR  R30,R31
                 	OUT  SREG,R30
                 	.ENDM
                 
                 
                 	.MACRO __PUTB1SN
                 	LDD  R26,Y+@0
                 	LDD  R27,Y+@0+1
                 	SUBI R26,LOW(-@1)
                 	SBCI R27,HIGH(-@1)
                 	ST   X,R30
                 	.ENDM
                 
                 	.MACRO __PUTW1SN
                 	LDD  R26,Y+@0
                 	LDD  R27,Y+@0+1
                 	SUBI R26,LOW(-@1)
                 	SBCI R27,HIGH(-@1)
                 	ST   X+,R30
                 	ST   X,R31
                 	.ENDM
                 
                 	.MACRO __PUTD1SN
                 	LDD  R26,Y+@0
                 	LDD  R27,Y+@0+1
                 	SUBI R26,LOW(-@1)
                 	SBCI R27,HIGH(-@1)
                 	CALL __PUTDP1
                 	.ENDM
                 
                 	.MACRO __PUTB1SNS
                 	LDD  R26,Y+@0
                 	LDD  R27,Y+@0+1
                 	ADIW R26,@1
                 	ST   X,R30
                 	.ENDM
                 
                 	.MACRO __PUTW1SNS
                 	LDD  R26,Y+@0
                 	LDD  R27,Y+@0+1
                 	ADIW R26,@1
                 	ST   X+,R30
                 	ST   X,R31
                 	.ENDM
                 
                 	.MACRO __PUTD1SNS
                 	LDD  R26,Y+@0
                 	LDD  R27,Y+@0+1
                 	ADIW R26,@1
                 	CALL __PUTDP1
                 	.ENDM
                 
                 	.MACRO __PUTB1PMN
                 	LDS  R26,@0
                 	LDS  R27,@0+1
                 	SUBI R26,LOW(-@1)
                 	SBCI R27,HIGH(-@1)
                 	ST   X,R30
                 	.ENDM
                 
                 	.MACRO __PUTW1PMN
                 	LDS  R26,@0
                 	LDS  R27,@0+1
                 	SUBI R26,LOW(-@1)
                 	SBCI R27,HIGH(-@1)
                 	ST   X+,R30
                 	ST   X,R31
                 	.ENDM
                 
                 	.MACRO __PUTD1PMN
                 	LDS  R26,@0
                 	LDS  R27,@0+1
                 	SUBI R26,LOW(-@1)
                 	SBCI R27,HIGH(-@1)
                 	CALL __PUTDP1
                 	.ENDM
                 
                 	.MACRO __PUTB1PMNS
                 	LDS  R26,@0
                 	LDS  R27,@0+1
                 	ADIW R26,@1
                 	ST   X,R30
                 	.ENDM
                 
                 	.MACRO __PUTW1PMNS
                 	LDS  R26,@0
                 	LDS  R27,@0+1
                 	ADIW R26,@1
                 	ST   X+,R30
                 	ST   X,R31
                 	.ENDM
                 
                 	.MACRO __PUTD1PMNS
                 	LDS  R26,@0
                 	LDS  R27,@0+1
                 	ADIW R26,@1
                 	CALL __PUTDP1
                 	.ENDM
                 
                 	.MACRO __PUTB1RN
                 	MOVW R26,R@0
                 	SUBI R26,LOW(-@1)
                 	SBCI R27,HIGH(-@1)
                 	ST   X,R30
                 	.ENDM
                 
                 	.MACRO __PUTW1RN
                 	MOVW R26,R@0
                 	SUBI R26,LOW(-@1)
                 	SBCI R27,HIGH(-@1)
                 	ST   X+,R30
                 	ST   X,R31
                 	.ENDM
                 
                 	.MACRO __PUTD1RN
                 	MOVW R26,R@0
                 	SUBI R26,LOW(-@1)
                 	SBCI R27,HIGH(-@1)
                 	CALL __PUTDP1
                 	.ENDM
                 
                 	.MACRO __PUTB1RNS
                 	MOVW R26,R@0
                 	ADIW R26,@1
                 	ST   X,R30
                 	.ENDM
                 
                 	.MACRO __PUTW1RNS
                 	MOVW R26,R@0
                 	ADIW R26,@1
                 	ST   X+,R30
                 	ST   X,R31
                 	.ENDM
                 
                 	.MACRO __PUTD1RNS
                 	MOVW R26,R@0
                 	ADIW R26,@1
                 	CALL __PUTDP1
                 	.ENDM
                 
                 	.MACRO __PUTB1RON
                 	MOV  R26,R@0
                 	MOV  R27,R@1
                 	SUBI R26,LOW(-@2)
                 	SBCI R27,HIGH(-@2)
                 	ST   X,R30
                 	.ENDM
                 
                 	.MACRO __PUTW1RON
                 	MOV  R26,R@0
                 	MOV  R27,R@1
                 	SUBI R26,LOW(-@2)
                 	SBCI R27,HIGH(-@2)
                 	ST   X+,R30
                 	ST   X,R31
                 	.ENDM
                 
                 	.MACRO __PUTD1RON
                 	MOV  R26,R@0
                 	MOV  R27,R@1
                 	SUBI R26,LOW(-@2)
                 	SBCI R27,HIGH(-@2)
                 	CALL __PUTDP1
                 	.ENDM
                 
                 	.MACRO __PUTB1RONS
                 	MOV  R26,R@0
                 	MOV  R27,R@1
                 	ADIW R26,@2
                 	ST   X,R30
                 	.ENDM
                 
                 	.MACRO __PUTW1RONS
                 	MOV  R26,R@0
                 	MOV  R27,R@1
                 	ADIW R26,@2
                 	ST   X+,R30
                 	ST   X,R31
                 	.ENDM
                 
                 	.MACRO __PUTD1RONS
                 	MOV  R26,R@0
                 	MOV  R27,R@1
                 	ADIW R26,@2
                 	CALL __PUTDP1
                 	.ENDM
                 
                 
                 	.MACRO __GETB1SX
                 	MOVW R30,R28
                 	SUBI R30,LOW(-@0)
                 	SBCI R31,HIGH(-@0)
                 	LD   R30,Z
                 	.ENDM
                 
                 	.MACRO __GETB1HSX
                 	MOVW R30,R28
                 	SUBI R30,LOW(-@0)
                 	SBCI R31,HIGH(-@0)
                 	LD   R31,Z
                 	.ENDM
                 
                 	.MACRO __GETW1SX
                 	MOVW R30,R28
                 	SUBI R30,LOW(-@0)
                 	SBCI R31,HIGH(-@0)
                 	LD   R0,Z+
                 	LD   R31,Z
                 	MOV  R30,R0
                 	.ENDM
                 
                 	.MACRO __GETD1SX
                 	MOVW R30,R28
                 	SUBI R30,LOW(-@0)
                 	SBCI R31,HIGH(-@0)
                 	LD   R0,Z+
                 	LD   R1,Z+
                 	LD   R22,Z+
                 	LD   R23,Z
                 	MOVW R30,R0
                 	.ENDM
                 
                 	.MACRO __GETB2SX
                 	MOVW R26,R28
                 	SUBI R26,LOW(-@0)
                 	SBCI R27,HIGH(-@0)
                 	LD   R26,X
                 	.ENDM
                 
                 	.MACRO __GETW2SX
                 	MOVW R26,R28
                 	SUBI R26,LOW(-@0)
                 	SBCI R27,HIGH(-@0)
                 	LD   R0,X+
                 	LD   R27,X
                 	MOV  R26,R0
                 	.ENDM
                 
                 	.MACRO __GETD2SX
                 	MOVW R26,R28
                 	SUBI R26,LOW(-@0)
                 	SBCI R27,HIGH(-@0)
                 	LD   R0,X+
                 	LD   R1,X+
                 	LD   R24,X+
                 	LD   R25,X
                 	MOVW R26,R0
                 	.ENDM
                 
                 	.MACRO __GETBRSX
                 	MOVW R30,R28
                 	SUBI R30,LOW(-@1)
                 	SBCI R31,HIGH(-@1)
                 	LD   R@0,Z
                 	.ENDM
                 
                 	.MACRO __GETWRSX
                 	MOVW R30,R28
                 	SUBI R30,LOW(-@2)
                 	SBCI R31,HIGH(-@2)
                 	LD   R@0,Z+
                 	LD   R@1,Z
                 	.ENDM
                 
                 	.MACRO __GETBRSX2
                 	MOVW R26,R28
                 	SUBI R26,LOW(-@1)
                 	SBCI R27,HIGH(-@1)
                 	LD   R@0,X
                 	.ENDM
                 
                 	.MACRO __GETWRSX2
                 	MOVW R26,R28
                 	SUBI R26,LOW(-@2)
                 	SBCI R27,HIGH(-@2)
                 	LD   R@0,X+
                 	LD   R@1,X
                 	.ENDM
                 
                 	.MACRO __LSLW8SX
                 	MOVW R30,R28
                 	SUBI R30,LOW(-@0)
                 	SBCI R31,HIGH(-@0)
                 	LD   R31,Z
                 	CLR  R30
                 	.ENDM
                 
                 	.MACRO __PUTB1SX
                 	MOVW R26,R28
                 	SUBI R26,LOW(-@0)
                 	SBCI R27,HIGH(-@0)
                 	ST   X,R30
                 	.ENDM
                 
                 	.MACRO __PUTW1SX
                 	MOVW R26,R28
                 	SUBI R26,LOW(-@0)
                 	SBCI R27,HIGH(-@0)
                 	ST   X+,R30
                 	ST   X,R31
                 	.ENDM
                 
                 	.MACRO __PUTD1SX
                 	MOVW R26,R28
                 	SUBI R26,LOW(-@0)
                 	SBCI R27,HIGH(-@0)
                 	ST   X+,R30
                 	ST   X+,R31
                 	ST   X+,R22
                 	ST   X,R23
                 	.ENDM
                 
                 	.MACRO __CLRW1SX
                 	MOVW R26,R28
                 	SUBI R26,LOW(-@0)
                 	SBCI R27,HIGH(-@0)
                 	ST   X+,R30
                 	ST   X,R30
                 	.ENDM
                 
                 	.MACRO __CLRD1SX
                 	MOVW R26,R28
                 	SUBI R26,LOW(-@0)
                 	SBCI R27,HIGH(-@0)
                 	ST   X+,R30
                 	ST   X+,R30
                 	ST   X+,R30
                 	ST   X,R30
                 	.ENDM
                 
                 	.MACRO __PUTB2SX
                 	MOVW R30,R28
                 	SUBI R30,LOW(-@0)
                 	SBCI R31,HIGH(-@0)
                 	ST   Z,R26
                 	.ENDM
                 
                 	.MACRO __PUTW2SX
                 	MOVW R30,R28
                 	SUBI R30,LOW(-@0)
                 	SBCI R31,HIGH(-@0)
                 	ST   Z+,R26
                 	ST   Z,R27
                 	.ENDM
                 
                 	.MACRO __PUTD2SX
                 	MOVW R30,R28
                 	SUBI R30,LOW(-@0)
                 	SBCI R31,HIGH(-@0)
                 	ST   Z+,R26
                 	ST   Z+,R27
                 	ST   Z+,R24
                 	ST   Z,R25
                 	.ENDM
                 
                 	.MACRO __PUTBSRX
                 	MOVW R30,R28
                 	SUBI R30,LOW(-@1)
                 	SBCI R31,HIGH(-@1)
                 	ST   Z,R@0
                 	.ENDM
                 
                 	.MACRO __PUTWSRX
                 	MOVW R30,R28
                 	SUBI R30,LOW(-@2)
                 	SBCI R31,HIGH(-@2)
                 	ST   Z+,R@0
                 	ST   Z,R@1
                 	.ENDM
                 
                 	.MACRO __PUTB1SNX
                 	MOVW R26,R28
                 	SUBI R26,LOW(-@0)
                 	SBCI R27,HIGH(-@0)
                 	LD   R0,X+
                 	LD   R27,X
                 	MOV  R26,R0
                 	SUBI R26,LOW(-@1)
                 	SBCI R27,HIGH(-@1)
                 	ST   X,R30
                 	.ENDM
                 
                 	.MACRO __PUTW1SNX
                 	MOVW R26,R28
                 	SUBI R26,LOW(-@0)
                 	SBCI R27,HIGH(-@0)
                 	LD   R0,X+
                 	LD   R27,X
                 	MOV  R26,R0
                 	SUBI R26,LOW(-@1)
                 	SBCI R27,HIGH(-@1)
                 	ST   X+,R30
                 	ST   X,R31
                 	.ENDM
                 
                 	.MACRO __PUTD1SNX
                 	MOVW R26,R28
                 	SUBI R26,LOW(-@0)
                 	SBCI R27,HIGH(-@0)
                 	LD   R0,X+
                 	LD   R27,X
                 	MOV  R26,R0
                 	SUBI R26,LOW(-@1)
                 	SBCI R27,HIGH(-@1)
                 	ST   X+,R30
                 	ST   X+,R31
                 	ST   X+,R22
                 	ST   X,R23
                 	.ENDM
                 
                 	.MACRO __MULBRR
                 	MULS R@0,R@1
                 	MOVW R30,R0
                 	.ENDM
                 
                 	.MACRO __MULBRRU
                 	MUL  R@0,R@1
                 	MOVW R30,R0
                 	.ENDM
                 
                 	.MACRO __MULBRR0
                 	MULS R@0,R@1
                 	.ENDM
                 
                 	.MACRO __MULBRRU0
                 	MUL  R@0,R@1
                 	.ENDM
                 
                 	.MACRO __MULBNWRU
                 	LDI  R26,@2
                 	MUL  R26,R@0
                 	MOVW R30,R0
                 	MUL  R26,R@1
                 	ADD  R31,R0
                 	.ENDM
                 
                 ;NAME DEFINITIONS FOR GLOBAL VARIABLES ALLOCATED TO REGISTERS
                 	.DEF _ctr_10=R5
                 	.DEF _counter1=R4
                 	.DEF _password_count=R7
                 	.DEF _test=R6
                 	.DEF _temp=R9
                 	.DEF _i=R8
                 
                 	.CSEG
                 	.ORG 0x00
                 
                 ;START OF CODE MARKER
                 __START_OF_CODE:
                 
                 ;INTERRUPT VECTORS
000000 940c 0036 	JMP  __RESET
000002 940c 0000 	JMP  0x00
000004 940c 0000 	JMP  0x00
000006 940c 0000 	JMP  0x00
000008 940c 0000 	JMP  0x00
00000a 940c 0000 	JMP  0x00
00000c 940c 0000 	JMP  0x00
00000e 940c 0000 	JMP  0x00
000010 940c 0000 	JMP  0x00
000012 940c 0000 	JMP  0x00
000014 940c 0000 	JMP  0x00
000016 940c 0000 	JMP  0x00
000018 940c 0000 	JMP  0x00
00001a 940c 0000 	JMP  0x00
00001c 940c 0000 	JMP  0x00
00001e 940c 0000 	JMP  0x00
000020 940c 0000 	JMP  0x00
000022 940c 0000 	JMP  0x00
000024 940c 0000 	JMP  0x00
000026 940c 0000 	JMP  0x00
000028 940c 0000 	JMP  0x00
                 
                 ;GLOBAL REGISTER VARIABLES INITIALIZATION
                 __REG_VARS:
00002a 0000
00002b 0601      	.DB  0x0,0x0,0x1,0x6
00002c 0000      	.DB  0x0,0x0
                 
                 _0x3:
00002d 0101
C:\Users\Mohamed\Desktop\code_vision_projects\bonus_GG_EZ\Debug\List\bonus_GG_EZ.asm(1129): warning: .cseg .db misalignment - padding zero byte
00002e 0001      	.DB  0x1,0x1,0x1
                 
                 __GLOBAL_INI_TBL:
00002f 0006      	.DW  0x06
000030 0004      	.DW  0x04
000031 0054      	.DW  __REG_VARS*2
                 
000032 0003      	.DW  0x03
000033 0260      	.DW  _password
000034 005a      	.DW  _0x3*2
                 
                 _0xFFFFFFFF:
000035 0000      	.DW  0
                 
                 #define __GLOBAL_INI_TBL_PRESENT 1
                 
                 __RESET:
000036 94f8      	CLI
000037 27ee      	CLR  R30
000038 bbec      	OUT  EECR,R30
                 
                 ;INTERRUPT VECTORS ARE PLACED
                 ;AT THE START OF FLASH
000039 e0f1      	LDI  R31,1
00003a bff5      	OUT  MCUCR,R31
00003b bfe5      	OUT  MCUCR,R30
                 
                 ;CLEAR R2-R14
00003c e08d      	LDI  R24,(14-2)+1
00003d e0a2      	LDI  R26,2
00003e 27bb      	CLR  R27
                 __CLEAR_REG:
00003f 93ed      	ST   X+,R30
000040 958a      	DEC  R24
000041 f7e9      	BRNE __CLEAR_REG
                 
                 ;CLEAR SRAM
000042 e080      	LDI  R24,LOW(__CLEAR_SRAM_SIZE)
000043 e098      	LDI  R25,HIGH(__CLEAR_SRAM_SIZE)
000044 e6a0      	LDI  R26,__SRAM_START
                 __CLEAR_SRAM:
000045 93ed      	ST   X+,R30
000046 9701      	SBIW R24,1
000047 f7e9      	BRNE __CLEAR_SRAM
                 
                 ;GLOBAL VARIABLES INITIALIZATION
000048 e5ee      	LDI  R30,LOW(__GLOBAL_INI_TBL*2)
000049 e0f0      	LDI  R31,HIGH(__GLOBAL_INI_TBL*2)
                 __GLOBAL_INI_NEXT:
00004a 9185      	LPM  R24,Z+
00004b 9195      	LPM  R25,Z+
00004c 9700      	SBIW R24,0
00004d f061      	BREQ __GLOBAL_INI_END
00004e 91a5      	LPM  R26,Z+
00004f 91b5      	LPM  R27,Z+
000050 9005      	LPM  R0,Z+
000051 9015      	LPM  R1,Z+
000052 01bf      	MOVW R22,R30
000053 01f0      	MOVW R30,R0
                 __GLOBAL_INI_LOOP:
000054 9005      	LPM  R0,Z+
000055 920d      	ST   X+,R0
000056 9701      	SBIW R24,1
000057 f7e1      	BRNE __GLOBAL_INI_LOOP
000058 01fb      	MOVW R30,R22
000059 cff0      	RJMP __GLOBAL_INI_NEXT
                 __GLOBAL_INI_END:
                 
                 ;HARDWARE STACK POINTER INITIALIZATION
00005a e5ef      	LDI  R30,LOW(__SRAM_END-__HEAP_SIZE)
00005b bfed      	OUT  SPL,R30
00005c e0e8      	LDI  R30,HIGH(__SRAM_END-__HEAP_SIZE)
00005d bfee      	OUT  SPH,R30
                 
                 ;DATA STACK POINTER INITIALIZATION
00005e e6c0      	LDI  R28,LOW(__SRAM_START+__DSTACK_SIZE)
00005f e0d2      	LDI  R29,HIGH(__SRAM_START+__DSTACK_SIZE)
                 
000060 940c 0084 	JMP  _main
                 
                 	.ESEG
                 	.ORG 0
                 
                 	.DSEG
                 	.ORG 0x260
                 
                 	.CSEG
                 ;/*******************************************************
                 ;This program was created by the
                 ;CodeWizardAVR V3.14 Advanced
                 ;Automatic Program Generator
                 ;© Copyright 1998-2014 Pavel Haiduc, HP InfoTech s.r.l.
                 ;http://www.hpinfotech.com
                 ;
                 ;Project : Password_Module_Trail_0
                 ;Version : 0
                 ;Date    : 11/15/2021
                 ;Author  : Mohamed Ibrahem
                 ;Company : Home
                 ;Comments:
                 ;NO COMMENT
                 ;
                 ;
                 ;Chip type               : ATmega32A
                 ;Program type            : Application
                 ;AVR Core Clock frequency: 11.059200 MHz
                 ;Memory model            : Small
                 ;External RAM size       : 0
                 ;Data Stack size         : 512
                 ;*******************************************************/
                 ;
                 ;#include <mega32a.h>
                 	#ifndef __SLEEP_DEFINED__
                 	#define __SLEEP_DEFINED__
                 	.EQU __se_bit=0x80
                 	.EQU __sm_mask=0x70
                 	.EQU __sm_powerdown=0x20
                 	.EQU __sm_powersave=0x30
                 	.EQU __sm_standby=0x60
                 	.EQU __sm_ext_standby=0x70
                 	.EQU __sm_adc_noise_red=0x10
                 	.SET power_ctrl_reg=mcucr
                 	#endif
                 ;
                 ;#include <delay.h>
                 ;#define LED_GREEN PORTB.0
                 ;#define LED_RED   PORTB.1
                 ;
                 ;#define BUTTON1 PINA.0
                 ;//#define BUTTON2 PINA.1
                 ;#define BUTTON3 PINA.2
                 ;
                 ;#define ON  1
                 ;#define OFF 0
                 ;
                 ;char ctr_10=0;
                 ;char counter1 = 0;
                 ;char password_count = 6;
                 ;char password [password_count]  = {1,1,1,0,0,0} ;
                 
                 	.DSEG
                 ;char entered [password_count]   = {0,0,0,0,0,0} ;
                 ;
                 ;//char new_pasword [password_count]   = {0,0,0,0,0,0} ;
                 ;
                 ;char test=1;
                 ;char temp=0;
                 ;
                 ;char i=0;
                 ;
                 ;#define SET_BIT(VAR,BIT) VAR |= (1<<BIT)
                 ;#define CLR_BIT(VAR,BIT) VAR &= (~(1<<BIT))
                 ;#define TOG_BIT(VAR,BIT) VAR ^= (1<<BIT)
                 ;#define GET_BIT(VAR,BIT) ((VAR>>BIT)&1)
                 ;
                 ;
                 ;void EEPRom_Write(short address , char data){
                 ; 0000 0039 void EEPRom_Write(short address , char data){
                 
                 	.CSEG
                 _EEPRom_Write:
                 ; .FSTART _EEPRom_Write
                 ; 0000 003A     EEARL = (char) address;
000062 93aa      	ST   -Y,R26
                 ;	address -> Y+1
                 ;	data -> Y+0
000063 81e9      	LDD  R30,Y+1
000064 bbee      	OUT  0x1E,R30
                 ; 0000 003B     EEARH = (char) address >> 8;
000065 81a9      	LDD  R26,Y+1
000066 e0e8      	LDI  R30,LOW(8)
000067 940e 01a4 	CALL __LSRB12
000069 bbef      	OUT  0x1F,R30
                 ; 0000 003C     EEDR = data;
00006a 81e8      	LD   R30,Y
00006b bbed      	OUT  0x1D,R30
                 ; 0000 003D     SET_BIT (EECR , EEMWE);
00006c 9ae2      	SBI  0x1C,2
                 ; 0000 003E     SET_BIT (EECR , EEWE);
00006d 9ae1      	SBI  0x1C,1
                 ; 0000 003F     while (GET_BIT(EECR,EEWE) == 1);
                 _0x4:
00006e b3ec      	IN   R30,0x1C
00006f e0f0      	LDI  R31,0
000070 95f5      	ASR  R31
000071 95e7      	ROR  R30
000072 70e1      	ANDI R30,LOW(0x1)
000073 30e1      	CPI  R30,LOW(0x1)
000074 f3c9      	BREQ _0x4
                 ; 0000 0040 }
000075 9623      	ADIW R28,3
000076 9508      	RET
                 ; .FEND
                 ;
                 ;char EEPROM_READ ( short address){
                 ; 0000 0042 char EEPROM_READ ( short address){
                 _EEPROM_READ:
                 ; .FSTART _EEPROM_READ
                 ; 0000 0043     EEARL = (char) address;
000077 93ba      	ST   -Y,R27
000078 93aa      	ST   -Y,R26
                 ;	address -> Y+0
000079 81e8      	LD   R30,Y
00007a bbee      	OUT  0x1E,R30
                 ; 0000 0044     EEARH = (char) address >> 8;
00007b 81a8      	LD   R26,Y
00007c e0e8      	LDI  R30,LOW(8)
00007d 940e 01a4 	CALL __LSRB12
00007f bbef      	OUT  0x1F,R30
                 ; 0000 0045     SET_BIT(EECR,EERE);
000080 9ae0      	SBI  0x1C,0
                 ; 0000 0046     return EEDR;
000081 b3ed      	IN   R30,0x1D
000082 9622      	ADIW R28,2
000083 9508      	RET
                 ; 0000 0047 }
                 ; .FEND
                 ;
                 ;
                 ;void main(void)
                 ; 0000 004B {
                 _main:
                 ; .FSTART _main
                 ; 0000 004C 
                 ; 0000 004D DDRB    = 0xff ;
000084 efef      	LDI  R30,LOW(255)
000085 bbe7      	OUT  0x17,R30
                 ; 0000 004E PORTB   = 0x00 ;
000086 e0e0      	LDI  R30,LOW(0)
000087 bbe8      	OUT  0x18,R30
                 ; 0000 004F 
                 ; 0000 0050 DDRA    = 0xf0 ;
000088 efe0      	LDI  R30,LOW(240)
000089 bbea      	OUT  0x1A,R30
                 ; 0000 0051 PORTA   = 0x00 ;
00008a e0e0      	LDI  R30,LOW(0)
00008b bbeb      	OUT  0x1B,R30
                 ; 0000 0052 PORTA.0 = 1    ;
00008c 9ad8      	SBI  0x1B,0
                 ; 0000 0053 PORTA.1 = 1    ;
00008d 9ad9      	SBI  0x1B,1
                 ; 0000 0054 PORTA.2 = 1    ;
00008e 9ada      	SBI  0x1B,2
                 ; 0000 0055 
                 ; 0000 0056 if( EEPROM_READ(80) != 0xff ){
00008f e5a0      	LDI  R26,LOW(80)
000090 e0b0      	LDI  R27,0
000091 dfe5      	RCALL _EEPROM_READ
000092 3fef      	CPI  R30,LOW(0xFF)
000093 f0b9      	BREQ _0xD
                 ; 0000 0057     password_count = EEPROM_READ(80);
000094 e5a0      	LDI  R26,LOW(80)
000095 e0b0      	LDI  R27,0
000096 dfe0      	RCALL _EEPROM_READ
000097 2e7e      	MOV  R7,R30
                 ; 0000 0058     delay_ms(100);
000098 d0c7      	RCALL SUBOPT_0x0
                 ; 0000 0059 
                 ; 0000 005A for(i= 0 ; i< password_count  ;i++){
000099 2488      	CLR  R8
                 _0xF:
00009a 1487      	CP   R8,R7
00009b f478      	BRSH _0x10
                 ; 0000 005B     if( EEPROM_READ(i + i  * 8 ) != 0xff ){
00009c d0c7      	RCALL SUBOPT_0x1
00009d 3fef      	CPI  R30,LOW(0xFF)
00009e f051      	BREQ _0x11
                 ; 0000 005C     password [i] =   EEPROM_READ(i + i  * 8 );
00009f d0ce      	RCALL SUBOPT_0x2
0000a0 93ff      	PUSH R31
0000a1 93ef      	PUSH R30
0000a2 d0c1      	RCALL SUBOPT_0x1
0000a3 91af      	POP  R26
0000a4 91bf      	POP  R27
0000a5 93ec      	ST   X,R30
                 ; 0000 005D     entered  [i] = 0;
0000a6 2de8      	MOV  R30,R8
0000a7 d0cb      	RCALL SUBOPT_0x3
                 ; 0000 005E     delay_ms(100);
0000a8 d0b7      	RCALL SUBOPT_0x0
                 ; 0000 005F     }
                 ; 0000 0060   }
                 _0x11:
0000a9 9483      	INC  R8
0000aa cfef      	RJMP _0xF
                 _0x10:
                 ; 0000 0061 }
                 ; 0000 0062 
                 ; 0000 0063 while (1)
                 _0xD:
                 _0x12:
                 ; 0000 0064       {
                 ; 0000 0065       if(counter1 == password_count){
0000ab 1474      	CP   R7,R4
0000ac f5c1      	BRNE _0x15
                 ; 0000 0066               if (password_count == 0){
0000ad 2077      	TST  R7
0000ae f479      	BRNE _0x16
                 ; 0000 0067                     password_count = 6;
0000af e0e6      	LDI  R30,LOW(6)
0000b0 2e7e      	MOV  R7,R30
                 ; 0000 0068                     EEPRom_Write( 80  , password_count );
0000b1 d0c7      	RCALL SUBOPT_0x4
                 ; 0000 0069                     for(i=0;i<password_count;i++){
0000b2 2488      	CLR  R8
                 _0x18:
0000b3 1487      	CP   R8,R7
0000b4 f448      	BRSH _0x19
                 ; 0000 006A                     EEPRom_Write( i + i  * 8  , password[i] );
0000b5 d0c9      	RCALL SUBOPT_0x5
0000b6 81a0      	LD   R26,Z
0000b7 dfaa      	RCALL _EEPRom_Write
                 ; 0000 006B                     password [i]  = 1;
0000b8 d0b5      	RCALL SUBOPT_0x2
0000b9 e0a1      	LDI  R26,LOW(1)
0000ba 83a0      	STD  Z+0,R26
                 ; 0000 006C                     delay_ms(100);
0000bb d0a4      	RCALL SUBOPT_0x0
                 ; 0000 006D                     }
0000bc 9483      	INC  R8
0000bd cff5      	RJMP _0x18
                 _0x19:
                 ; 0000 006E               }
                 ; 0000 006F               while(temp<password_count){
                 _0x16:
                 _0x1A:
0000be 1497      	CP   R9,R7
0000bf f458      	BRSH _0x1C
                 ; 0000 0070                    if(entered[temp] ==  password[temp]){
0000c0 d0c9      	RCALL SUBOPT_0x6
0000c1 f419      	BRNE _0x1D
                 ; 0000 0071                       test =1;
0000c2 e0e1      	LDI  R30,LOW(1)
0000c3 2e6e      	MOV  R6,R30
                 ; 0000 0072                      }
                 ; 0000 0073                    else if ( entered[temp] !=  password[temp]){
0000c4 c004      	RJMP _0x1E
                 _0x1D:
0000c5 d0c4      	RCALL SUBOPT_0x6
0000c6 f011      	BREQ _0x1F
                 ; 0000 0074                       test =0;
0000c7 2466      	CLR  R6
                 ; 0000 0075                       break;
0000c8 c002      	RJMP _0x1C
                 ; 0000 0076                     }
                 ; 0000 0077                    temp++;
                 _0x1F:
                 _0x1E:
0000c9 9493      	INC  R9
                 ; 0000 0078                   }
0000ca cff3      	RJMP _0x1A
                 _0x1C:
                 ; 0000 0079               temp=0;
0000cb 2499      	CLR  R9
                 ; 0000 007A               LED_GREEN = ON;
0000cc 9ac0      	SBI  0x18,0
                 ; 0000 007B               LED_RED = ON;
0000cd 9ac1      	SBI  0x18,1
                 ; 0000 007C               delay_ms(200);
0000ce eca8      	LDI  R26,LOW(200)
0000cf e0b0      	LDI  R27,0
0000d0 940e 019a 	CALL _delay_ms
                 ; 0000 007D               LED_GREEN = OFF;
0000d2 98c0      	CBI  0x18,0
                 ; 0000 007E               LED_RED = OFF;
0000d3 98c1      	CBI  0x18,1
                 ; 0000 007F 
                 ; 0000 0080               if( test == 1 ){
0000d4 e0e1      	LDI  R30,LOW(1)
0000d5 15e6      	CP   R30,R6
0000d6 f429      	BRNE _0x28
                 ; 0000 0081                     LED_GREEN = ON;
0000d7 9ac0      	SBI  0x18,0
                 ; 0000 0082                     delay_ms(200);
0000d8 d0bd      	RCALL SUBOPT_0x7
                 ; 0000 0083                     LED_GREEN = OFF;
0000d9 98c0      	CBI  0x18,0
                 ; 0000 0084                     counter1=0;
0000da 2444      	CLR  R4
                 ; 0000 0085                     }
                 ; 0000 0086               else if (test == 0){
0000db c008      	RJMP _0x2D
                 _0x28:
0000dc 2066      	TST  R6
0000dd f431      	BRNE _0x2E
                 ; 0000 0087                     LED_RED = ON;
0000de 9ac1      	SBI  0x18,1
                 ; 0000 0088                     delay_ms(200);
0000df d0b6      	RCALL SUBOPT_0x7
                 ; 0000 0089                     LED_RED = OFF;
0000e0 98c1      	CBI  0x18,1
                 ; 0000 008A                     counter1=0;
0000e1 2444      	CLR  R4
                 ; 0000 008B                     test = 1;
0000e2 e0e1      	LDI  R30,LOW(1)
0000e3 2e6e      	MOV  R6,R30
                 ; 0000 008C                     }
                 ; 0000 008D                 }
                 _0x2E:
                 _0x2D:
                 ; 0000 008E       else if( BUTTON1 == 1)
0000e4 c079      	RJMP _0x33
                 _0x15:
0000e5 9bc8      	SBIS 0x19,0
0000e6 c027      	RJMP _0x34
                 ; 0000 008F       {
                 ; 0000 0090       while(BUTTON1==1)
                 _0x35:
0000e7 9bc8      	SBIS 0x19,0
0000e8 c006      	RJMP _0x37
                 ; 0000 0091       {
                 ; 0000 0092         ctr_10++ ;
0000e9 9453      	INC  R5
                 ; 0000 0093         delay_ms(30);
0000ea e1ae      	LDI  R26,LOW(30)
0000eb e0b0      	LDI  R27,0
0000ec 940e 019a 	CALL _delay_ms
                 ; 0000 0094       }
0000ee cff8      	RJMP _0x35
                 _0x37:
                 ; 0000 0095       if (ctr_10 <20){
0000ef e1e4      	LDI  R30,LOW(20)
0000f0 165e      	CP   R5,R30
0000f1 f450      	BRSH _0x38
                 ; 0000 0096         entered[counter1] = 0;
0000f2 2de4      	MOV  R30,R4
0000f3 d07f      	RCALL SUBOPT_0x3
                 ; 0000 0097         LED_RED = ON ;
0000f4 9ac1      	SBI  0x18,1
                 ; 0000 0098         delay_ms(100);
0000f5 d06a      	RCALL SUBOPT_0x0
                 ; 0000 0099         LED_RED=OFF ;
0000f6 98c1      	CBI  0x18,1
                 ; 0000 009A         LED_GREEN= ON ;
0000f7 9ac0      	SBI  0x18,0
                 ; 0000 009B         counter1++;
0000f8 9443      	INC  R4
                 ; 0000 009C         delay_ms(100);
0000f9 d066      	RCALL SUBOPT_0x0
                 ; 0000 009D         LED_GREEN= OFF ;
0000fa 98c0      	CBI  0x18,0
                 ; 0000 009E         }
                 ; 0000 009F       else if (ctr_10 >=20)
0000fb c010      	RJMP _0x41
                 _0x38:
0000fc e1e4      	LDI  R30,LOW(20)
0000fd 165e      	CP   R5,R30
0000fe f068      	BRLO _0x42
                 ; 0000 00A0         {
                 ; 0000 00A1         entered[counter1] = 1;
0000ff 2de4      	MOV  R30,R4
000100 e0f0      	LDI  R31,0
000101 59ea      	SUBI R30,LOW(-_entered)
000102 4ffd      	SBCI R31,HIGH(-_entered)
000103 e0a1      	LDI  R26,LOW(1)
000104 83a0      	STD  Z+0,R26
                 ; 0000 00A2         LED_GREEN= ON ;
000105 9ac0      	SBI  0x18,0
                 ; 0000 00A3         delay_ms(100);
000106 d059      	RCALL SUBOPT_0x0
                 ; 0000 00A4         LED_RED=ON ;
000107 9ac1      	SBI  0x18,1
                 ; 0000 00A5         LED_GREEN= OFF ;
000108 98c0      	CBI  0x18,0
                 ; 0000 00A6         counter1++;
000109 9443      	INC  R4
                 ; 0000 00A7         delay_ms(100);
00010a d055      	RCALL SUBOPT_0x0
                 ; 0000 00A8         LED_RED = OFF ;
00010b 98c1      	CBI  0x18,1
                 ; 0000 00A9         }
                 ; 0000 00AA          ctr_10=0;
                 _0x42:
                 _0x41:
00010c 2455      	CLR  R5
                 ; 0000 00AB       }
                 ; 0000 00AC       /*else if( BUTTON2 == 1){
                 ; 0000 00AD         delay_ms(200);
                 ; 0000 00AE        entered[counter1] = 0;
                 ; 0000 00AF         counter1++;
                 ; 0000 00B0         }
                 ; 0000 00B1         */
                 ; 0000 00B2       else if( BUTTON3 == 1){
00010d c050      	RJMP _0x4B
                 _0x34:
00010e 9bca      	SBIS 0x19,2
00010f c04c      	RJMP _0x4C
                 ; 0000 00B3             password_count=0;
000110 2477      	CLR  R7
                 ; 0000 00B4             LED_GREEN= ON;
000111 9ac0      	SBI  0x18,0
                 ; 0000 00B5             LED_RED  = ON;
000112 9ac1      	SBI  0x18,1
                 ; 0000 00B6             while (BUTTON3 == 1){
                 _0x51:
000113 9bca      	SBIS 0x19,2
000114 c02c      	RJMP _0x53
                 ; 0000 00B7 
                 ; 0000 00B8                     if( BUTTON1 == 1)
000115 9bc8      	SBIS 0x19,0
000116 c024      	RJMP _0x54
                 ; 0000 00B9                     {
                 ; 0000 00BA                         while(BUTTON1==1)
                 _0x55:
000117 9bc8      	SBIS 0x19,0
000118 c006      	RJMP _0x57
                 ; 0000 00BB                         {
                 ; 0000 00BC                             ctr_10++ ;
000119 9453      	INC  R5
                 ; 0000 00BD                             delay_ms(30);
00011a e1ae      	LDI  R26,LOW(30)
00011b e0b0      	LDI  R27,0
00011c 940e 019a 	CALL _delay_ms
                 ; 0000 00BE                         }
00011e cff8      	RJMP _0x55
                 _0x57:
                 ; 0000 00BF                         if (ctr_10 <20){
00011f e1e4      	LDI  R30,LOW(20)
000120 165e      	CP   R5,R30
000121 f448      	BRSH _0x58
                 ; 0000 00C0                             LED_RED   = OFF;
000122 98c1      	CBI  0x18,1
                 ; 0000 00C1                             delay_ms(200);
000123 d072      	RCALL SUBOPT_0x7
                 ; 0000 00C2                             LED_RED   = ON;
000124 9ac1      	SBI  0x18,1
                 ; 0000 00C3                             password [password_count] = 0 ;
000125 2de7      	MOV  R30,R7
000126 e0f0      	LDI  R31,0
000127 5ae0      	SUBI R30,LOW(-_password)
000128 4ffd      	SBCI R31,HIGH(-_password)
000129 e0a0      	LDI  R26,LOW(0)
00012a c00b      	RJMP _0x7E
                 ; 0000 00C4                             entered  [password_count] = 0 ;
                 ; 0000 00C5                             password_count++;
                 ; 0000 00C6                         }
                 ; 0000 00C7                         else if (ctr_10 >=20)
                 _0x58:
00012b e1e4      	LDI  R30,LOW(20)
00012c 165e      	CP   R5,R30
00012d f060      	BRLO _0x5E
                 ; 0000 00C8                         {
                 ; 0000 00C9                             LED_RED   = OFF;
00012e 98c1      	CBI  0x18,1
                 ; 0000 00CA                             delay_ms(200);
00012f d066      	RCALL SUBOPT_0x7
                 ; 0000 00CB                             LED_RED   = ON;
000130 9ac1      	SBI  0x18,1
                 ; 0000 00CC                             password [password_count] = 1 ;
000131 2de7      	MOV  R30,R7
000132 e0f0      	LDI  R31,0
000133 5ae0      	SUBI R30,LOW(-_password)
000134 4ffd      	SBCI R31,HIGH(-_password)
000135 e0a1      	LDI  R26,LOW(1)
                 _0x7E:
000136 83a0      	STD  Z+0,R26
                 ; 0000 00CD                             entered  [password_count] = 0 ;
000137 2de7      	MOV  R30,R7
000138 d03a      	RCALL SUBOPT_0x3
                 ; 0000 00CE                             password_count++;
000139 9473      	INC  R7
                 ; 0000 00CF                         }
                 ; 0000 00D0                         ctr_10=0;
                 _0x5E:
00013a 2455      	CLR  R5
                 ; 0000 00D1                     }
                 ; 0000 00D2                    /*
                 ; 0000 00D3                    if( BUTTON1 == 1){
                 ; 0000 00D4 
                 ; 0000 00D5                         LED_RED   = OFF;
                 ; 0000 00D6                         delay_ms(200);
                 ; 0000 00D7                         LED_RED   = ON;
                 ; 0000 00D8                         password [password_count] = 1 ;
                 ; 0000 00D9                         entered  [password_count] = 0 ;
                 ; 0000 00DA                         password_count++;
                 ; 0000 00DB                         }
                 ; 0000 00DC                    else if( BUTTON2 == 1){
                 ; 0000 00DD                         LED_RED   = OFF;
                 ; 0000 00DE                         delay_ms(200);
                 ; 0000 00DF                         LED_RED   = ON;
                 ; 0000 00E0                         password [password_count] = 0 ;
                 ; 0000 00E1                         entered  [password_count] = 0 ;
                 ; 0000 00E2                         password_count++;
                 ; 0000 00E3                         }*/
                 ; 0000 00E4                    if(BUTTON3 == 0){
                 _0x54:
00013b 99ca      	SBIC 0x19,2
00013c c003      	RJMP _0x63
                 ; 0000 00E5                    delay_ms(200);
00013d d058      	RCALL SUBOPT_0x7
                 ; 0000 00E6                     if(BUTTON3 == 0){
00013e 9bca      	SBIS 0x19,2
                 ; 0000 00E7                         break;}
00013f c001      	RJMP _0x53
                 ; 0000 00E8                    }
                 ; 0000 00E9             }
                 _0x63:
000140 cfd2      	RJMP _0x51
                 _0x53:
                 ; 0000 00EA             EEPRom_Write( 80 , password_count );
000141 d037      	RCALL SUBOPT_0x4
                 ; 0000 00EB             LED_GREEN= OFF;
000142 98c0      	CBI  0x18,0
                 ; 0000 00EC             delay_ms(150);
000143 e9a6      	LDI  R26,LOW(150)
000144 e0b0      	LDI  R27,0
000145 940e 019a 	CALL _delay_ms
                 ; 0000 00ED             LED_GREEN= ON;
000147 9ac0      	SBI  0x18,0
                 ; 0000 00EE             for(i=0 ; i < password_count ; i++){
000148 2488      	CLR  R8
                 _0x6A:
000149 1487      	CP   R8,R7
00014a f468      	BRSH _0x6B
                 ; 0000 00EF                 EEPRom_Write( i + i  * 8  , password[i] );
00014b d033      	RCALL SUBOPT_0x5
00014c 81a0      	LD   R26,Z
00014d df14      	RCALL _EEPRom_Write
                 ; 0000 00F0                 LED_GREEN= OFF;
00014e 98c0      	CBI  0x18,0
                 ; 0000 00F1                 LED_RED  = OFF;
00014f 98c1      	CBI  0x18,1
                 ; 0000 00F2                 delay_ms(150);
000150 e9a6      	LDI  R26,LOW(150)
000151 e0b0      	LDI  R27,0
000152 940e 019a 	CALL _delay_ms
                 ; 0000 00F3                 LED_GREEN= ON;
000154 9ac0      	SBI  0x18,0
                 ; 0000 00F4                 LED_RED  = ON;
000155 9ac1      	SBI  0x18,1
                 ; 0000 00F5             }
000156 9483      	INC  R8
000157 cff1      	RJMP _0x6A
                 _0x6B:
                 ; 0000 00F6             counter1=0;
000158 2444      	CLR  R4
                 ; 0000 00F7             LED_RED   = OFF;
000159 98c1      	CBI  0x18,1
                 ; 0000 00F8             LED_GREEN= OFF;
00015a 98c0      	CBI  0x18,0
                 ; 0000 00F9 
                 ; 0000 00FA         }
                 ; 0000 00FB       else{
00015b c002      	RJMP _0x78
                 _0x4C:
                 ; 0000 00FC         LED_GREEN = OFF;
00015c 98c0      	CBI  0x18,0
                 ; 0000 00FD         LED_RED   = OFF;
00015d 98c1      	CBI  0x18,1
                 ; 0000 00FE         }
                 _0x78:
                 _0x4B:
                 _0x33:
                 ; 0000 00FF 
                 ; 0000 0100       }
00015e cf4c      	RJMP _0x12
                 ; 0000 0101 }
                 _0x7D:
00015f cfff      	RJMP _0x7D
                 ; .FEND
                 
                 	.DSEG
                 _password:
000260           	.BYTE 0x6
                 _entered:
000266           	.BYTE 0x6
                 
                 	.CSEG
                 ;OPTIMIZER ADDED SUBROUTINE, CALLED 7 TIMES, CODE SIZE REDUCTION:9 WORDS
                 SUBOPT_0x0:
000160 e6a4      	LDI  R26,LOW(100)
000161 e0b0      	LDI  R27,0
000162 940c 019a 	JMP  _delay_ms
                 
                 ;OPTIMIZER ADDED SUBROUTINE, CALLED 2 TIMES, CODE SIZE REDUCTION:6 WORDS
                 SUBOPT_0x1:
000164 2d68      	MOV  R22,R8
000165 2777      	CLR  R23
000166 2da8      	MOV  R26,R8
000167 e0e8      	LDI  R30,LOW(8)
000168 9fea      	MUL  R30,R26
000169 01f0      	MOVW R30,R0
00016a 01db      	MOVW R26,R22
00016b 0fae      	ADD  R26,R30
00016c 1fbf      	ADC  R27,R31
00016d cf09      	RJMP _EEPROM_READ
                 
                 ;OPTIMIZER ADDED SUBROUTINE, CALLED 4 TIMES, CODE SIZE REDUCTION:3 WORDS
                 SUBOPT_0x2:
00016e 2de8      	MOV  R30,R8
00016f e0f0      	LDI  R31,0
000170 5ae0      	SUBI R30,LOW(-_password)
000171 4ffd      	SBCI R31,HIGH(-_password)
000172 9508      	RET
                 
                 ;OPTIMIZER ADDED SUBROUTINE, CALLED 3 TIMES, CODE SIZE REDUCTION:3 WORDS
                 SUBOPT_0x3:
000173 e0f0      	LDI  R31,0
000174 59ea      	SUBI R30,LOW(-_entered)
000175 4ffd      	SBCI R31,HIGH(-_entered)
000176 e0a0      	LDI  R26,LOW(0)
000177 83a0      	STD  Z+0,R26
000178 9508      	RET
                 
                 ;OPTIMIZER ADDED SUBROUTINE, CALLED 2 TIMES, CODE SIZE REDUCTION:2 WORDS
                 SUBOPT_0x4:
000179 e5e0      	LDI  R30,LOW(80)
00017a e0f0      	LDI  R31,HIGH(80)
00017b 93fa      	ST   -Y,R31
00017c 93ea      	ST   -Y,R30
00017d 2da7      	MOV  R26,R7
00017e cee3      	RJMP _EEPRom_Write
                 
                 ;OPTIMIZER ADDED SUBROUTINE, CALLED 2 TIMES, CODE SIZE REDUCTION:7 WORDS
                 SUBOPT_0x5:
00017f 2d68      	MOV  R22,R8
000180 2777      	CLR  R23
000181 2da8      	MOV  R26,R8
000182 e0e8      	LDI  R30,LOW(8)
000183 9fea      	MUL  R30,R26
000184 01f0      	MOVW R30,R0
000185 0fe6      	ADD  R30,R22
000186 1ff7      	ADC  R31,R23
000187 93fa      	ST   -Y,R31
000188 93ea      	ST   -Y,R30
000189 cfe4      	RJMP SUBOPT_0x2
                 
                 ;OPTIMIZER ADDED SUBROUTINE, CALLED 2 TIMES, CODE SIZE REDUCTION:6 WORDS
                 SUBOPT_0x6:
00018a 2de9      	MOV  R30,R9
00018b e0f0      	LDI  R31,0
00018c 59ea      	SUBI R30,LOW(-_entered)
00018d 4ffd      	SBCI R31,HIGH(-_entered)
00018e 81a0      	LD   R26,Z
00018f 2de9      	MOV  R30,R9
000190 e0f0      	LDI  R31,0
000191 5ae0      	SUBI R30,LOW(-_password)
000192 4ffd      	SBCI R31,HIGH(-_password)
000193 81e0      	LD   R30,Z
000194 17ea      	CP   R30,R26
000195 9508      	RET
                 
                 ;OPTIMIZER ADDED SUBROUTINE, CALLED 5 TIMES, CODE SIZE REDUCTION:5 WORDS
                 SUBOPT_0x7:
000196 eca8      	LDI  R26,LOW(200)
000197 e0b0      	LDI  R27,0
000198 940c 019a 	JMP  _delay_ms
                 
                 
                 	.CSEG
                 _delay_ms:
00019a 9610      	adiw r26,0
00019b f039      	breq __delay_ms1
                 __delay_ms0:
00019c 95a8      	wdr
                +
00019d ec8d     +LDI R24 , LOW ( 0xACD )
00019e e09a     +LDI R25 , HIGH ( 0xACD )
                +__DELAY_USW_LOOP :
00019f 9701     +SBIW R24 , 1
0001a0 f7f1     +BRNE __DELAY_USW_LOOP
                 	__DELAY_USW 0xACD
0001a1 9711      	sbiw r26,1
0001a2 f7c9      	brne __delay_ms0
                 __delay_ms1:
0001a3 9508      	ret
                 
                 __LSRB12:
0001a4 23ee      	TST  R30
0001a5 2e0e      	MOV  R0,R30
0001a6 2fea      	MOV  R30,R26
0001a7 f019      	BREQ __LSRB12R
                 __LSRB12L:
0001a8 95e6      	LSR  R30
0001a9 940a      	DEC  R0
0001aa f7e9      	BRNE __LSRB12L
                 __LSRB12R:
0001ab 9508      	RET
                 
                 ;END OF CODE MARKER
                 __END_OF_CODE:


RESOURCE USE INFORMATION
------------------------

Notice:
The register and instruction counts are symbol table hit counts,
and hence implicitly used resources are not counted, eg, the
'lpm' instruction without operands implicitly uses r0 and z,
none of which are counted.

x,y,z are separate entities in the symbol table and are
counted separately from r26..r31 here.

.dseg memory usage only counts static data declared with .byte

ATmega32A register use summary:
r0 :   8 r1 :   1 r2 :   0 r3 :   0 r4 :   8 r5 :   8 r6 :   5 r7 :  14 
r8 :  15 r9 :   5 r10:   0 r11:   0 r12:   0 r13:   0 r14:   0 r15:   0 
r16:   0 r17:   0 r18:   0 r19:   0 r20:   0 r21:   0 r22:   6 r23:   3 
r24:   9 r25:   3 r26:  40 r27:  14 r28:   3 r29:   1 r30:  90 r31:  25 
x  :   4 y  :  12 z  :  15 
Registers used: 21 out of 35 (60.0%)

ATmega32A instruction use summary:
.lds  :   0 .lds.l:   0 .sts  :   0 .sts.l:   0 adc   :   2 add   :   2 
adiw  :   3 and   :   0 andi  :   1 asr   :   1 bclr  :   0 bld   :   0 
brbc  :   0 brbs  :   0 brcc  :   0 brcs  :   0 break :   0 breq  :   7 
brge  :   0 brhc  :   0 brhs  :   0 brid  :   0 brie  :   0 brlo  :   2 
brlt  :   0 brmi  :   0 brne  :  11 brpl  :   0 brsh  :   6 brtc  :   0 
brts  :   0 brvc  :   0 brvs  :   0 bset  :   0 bst   :   0 call  :   7 
cbi   :  17 cbr   :   0 clc   :   0 clh   :   0 cli   :   1 cln   :   0 
clr   :  15 cls   :   0 clt   :   0 clv   :   0 clz   :   0 com   :   0 
cp    :  11 cpc   :   0 cpi   :   3 cpse  :   0 dec   :   2 des   :   0 
eor   :   0 fmul  :   0 fmuls :   0 fmulsu:   0 icall :   0 ijmp  :   0 
in    :   2 inc   :   9 jmp   :  24 ld    :   7 ldd   :   2 ldi   :  63 
lds   :   0 lpm   :   7 lsl   :   0 lsr   :   1 mov   :  20 movw  :   6 
mul   :   2 muls  :   0 mulsu :   0 neg   :   0 nop   :   0 or    :   0 
ori   :   0 out   :  14 pop   :   2 push  :   2 rcall :  29 ret   :   7 
reti  :   0 rjmp  :  29 rol   :   0 ror   :   1 sbc   :   0 sbci  :   7 
sbi   :  21 sbic  :   1 sbis  :   7 sbiw  :   5 sbr   :   0 sbrc  :   0 
sbrs  :   0 sec   :   0 seh   :   0 sei   :   0 sen   :   0 ser   :   0 
ses   :   0 set   :   0 sev   :   0 sez   :   0 sleep :   0 spm   :   0 
st    :  11 std   :   4 sts   :   0 sub   :   0 subi  :   7 swap  :   0 
tst   :   3 wdr   :   1 
Instructions used: 44 out of 116 (37.9%)

ATmega32A memory use summary [bytes]:
Segment   Begin    End      Code   Data   Used    Size   Use%
---------------------------------------------------------------
[.cseg] 0x000000 0x000358    832     24    856   32768   2.6%
[.dseg] 0x000060 0x00026c      0     12     12    2048   0.6%
[.eseg] 0x000000 0x000000      0      0      0    1024   0.0%

Assembly complete, 0 errors, 7 warnings
