
AVRASM ver. 2.1.30  C:\Users\Mohamed\Desktop\code_vision_projects\Password_Module_Trail_1\Debug\List\Password_Module_Trail_1.asm Mon Dec 13 16:52:38 2021

C:\Users\Mohamed\Desktop\code_vision_projects\Password_Module_Trail_1\Debug\List\Password_Module_Trail_1.asm(1087): warning: Register r5 already defined by the .DEF directive
C:\Users\Mohamed\Desktop\code_vision_projects\Password_Module_Trail_1\Debug\List\Password_Module_Trail_1.asm(1088): warning: Register r4 already defined by the .DEF directive
C:\Users\Mohamed\Desktop\code_vision_projects\Password_Module_Trail_1\Debug\List\Password_Module_Trail_1.asm(1089): warning: Register r7 already defined by the .DEF directive
C:\Users\Mohamed\Desktop\code_vision_projects\Password_Module_Trail_1\Debug\List\Password_Module_Trail_1.asm(1090): warning: Register r6 already defined by the .DEF directive
C:\Users\Mohamed\Desktop\code_vision_projects\Password_Module_Trail_1\Debug\List\Password_Module_Trail_1.asm(1091): warning: Register r9 already defined by the .DEF directive
                 
                 
                 ;CodeVisionAVR C Compiler V3.14 Advanced
                 ;(C) Copyright 1998-2014 Pavel Haiduc, HP InfoTech s.r.l.
                 ;http://www.hpinfotech.com
                 
                 ;Build configuration    : Debug
                 ;Chip type              : ATmega32A
                 ;Program type           : Application
                 ;Clock frequency        : 11.059200 MHz
                 ;Memory model           : Small
                 ;Optimize for           : Size
                 ;(s)printf features     : int, width
                 ;(s)scanf features      : int, width
                 ;External RAM size      : 0
                 ;Data Stack size        : 512 byte(s)
                 ;Heap size              : 0 byte(s)
                 ;Promote 'char' to 'int': Yes
                 ;'char' is unsigned     : Yes
                 ;8 bit enums            : Yes
                 ;Global 'const' stored in FLASH: Yes
                 ;Enhanced function parameter passing: Yes
                 ;Enhanced core instructions: On
                 ;Automatic register allocation for global variables: On
                 ;Smart register allocation: On
                 
                 	#define _MODEL_SMALL_
                 
                 	#pragma AVRPART ADMIN PART_NAME ATmega32A
                 	#pragma AVRPART MEMORY PROG_FLASH 32768
                 	#pragma AVRPART MEMORY EEPROM 1024
                 	#pragma AVRPART MEMORY INT_SRAM SIZE 2048
                 	#pragma AVRPART MEMORY INT_SRAM START_ADDR 0x60
                 
                 	#define CALL_SUPPORTED 1
                 
                 	.LISTMAC
                 	.EQU UDRE=0x5
                 	.EQU RXC=0x7
                 	.EQU USR=0xB
                 	.EQU UDR=0xC
                 	.EQU SPSR=0xE
                 	.EQU SPDR=0xF
                 	.EQU EERE=0x0
                 	.EQU EEWE=0x1
                 	.EQU EEMWE=0x2
                 	.EQU EECR=0x1C
                 	.EQU EEDR=0x1D
                 	.EQU EEARL=0x1E
                 	.EQU EEARH=0x1F
                 	.EQU WDTCR=0x21
                 	.EQU MCUCR=0x35
                 	.EQU SPL=0x3D
                 	.EQU SPH=0x3E
                 	.EQU SREG=0x3F
                 
                 	.DEF R0X0=R0
                 	.DEF R0X1=R1
                 	.DEF R0X2=R2
                 	.DEF R0X3=R3
                 	.DEF R0X4=R4
                 	.DEF R0X5=R5
                 	.DEF R0X6=R6
                 	.DEF R0X7=R7
                 	.DEF R0X8=R8
                 	.DEF R0X9=R9
                 	.DEF R0XA=R10
                 	.DEF R0XB=R11
                 	.DEF R0XC=R12
                 	.DEF R0XD=R13
                 	.DEF R0XE=R14
                 	.DEF R0XF=R15
                 	.DEF R0X10=R16
                 	.DEF R0X11=R17
                 	.DEF R0X12=R18
                 	.DEF R0X13=R19
                 	.DEF R0X14=R20
                 	.DEF R0X15=R21
                 	.DEF R0X16=R22
                 	.DEF R0X17=R23
                 	.DEF R0X18=R24
                 	.DEF R0X19=R25
                 	.DEF R0X1A=R26
                 	.DEF R0X1B=R27
                 	.DEF R0X1C=R28
                 	.DEF R0X1D=R29
                 	.DEF R0X1E=R30
                 	.DEF R0X1F=R31
                 
                 	.EQU __SRAM_START=0x0060
                 	.EQU __SRAM_END=0x085F
                 	.EQU __DSTACK_SIZE=0x0200
                 	.EQU __HEAP_SIZE=0x0000
                 	.EQU __CLEAR_SRAM_SIZE=__SRAM_END-__SRAM_START+1
                 
                 	.MACRO __CPD1N
                 	CPI  R30,LOW(@0)
                 	LDI  R26,HIGH(@0)
                 	CPC  R31,R26
                 	LDI  R26,BYTE3(@0)
                 	CPC  R22,R26
                 	LDI  R26,BYTE4(@0)
                 	CPC  R23,R26
                 	.ENDM
                 
                 	.MACRO __CPD2N
                 	CPI  R26,LOW(@0)
                 	LDI  R30,HIGH(@0)
                 	CPC  R27,R30
                 	LDI  R30,BYTE3(@0)
                 	CPC  R24,R30
                 	LDI  R30,BYTE4(@0)
                 	CPC  R25,R30
                 	.ENDM
                 
                 	.MACRO __CPWRR
                 	CP   R@0,R@2
                 	CPC  R@1,R@3
                 	.ENDM
                 
                 	.MACRO __CPWRN
                 	CPI  R@0,LOW(@2)
                 	LDI  R30,HIGH(@2)
                 	CPC  R@1,R30
                 	.ENDM
                 
                 	.MACRO __ADDB1MN
                 	SUBI R30,LOW(-@0-(@1))
                 	.ENDM
                 
                 	.MACRO __ADDB2MN
                 	SUBI R26,LOW(-@0-(@1))
                 	.ENDM
                 
                 	.MACRO __ADDW1MN
                 	SUBI R30,LOW(-@0-(@1))
                 	SBCI R31,HIGH(-@0-(@1))
                 	.ENDM
                 
                 	.MACRO __ADDW2MN
                 	SUBI R26,LOW(-@0-(@1))
                 	SBCI R27,HIGH(-@0-(@1))
                 	.ENDM
                 
                 	.MACRO __ADDW1FN
                 	SUBI R30,LOW(-2*@0-(@1))
                 	SBCI R31,HIGH(-2*@0-(@1))
                 	.ENDM
                 
                 	.MACRO __ADDD1FN
                 	SUBI R30,LOW(-2*@0-(@1))
                 	SBCI R31,HIGH(-2*@0-(@1))
                 	SBCI R22,BYTE3(-2*@0-(@1))
                 	.ENDM
                 
                 	.MACRO __ADDD1N
                 	SUBI R30,LOW(-@0)
                 	SBCI R31,HIGH(-@0)
                 	SBCI R22,BYTE3(-@0)
                 	SBCI R23,BYTE4(-@0)
                 	.ENDM
                 
                 	.MACRO __ADDD2N
                 	SUBI R26,LOW(-@0)
                 	SBCI R27,HIGH(-@0)
                 	SBCI R24,BYTE3(-@0)
                 	SBCI R25,BYTE4(-@0)
                 	.ENDM
                 
                 	.MACRO __SUBD1N
                 	SUBI R30,LOW(@0)
                 	SBCI R31,HIGH(@0)
                 	SBCI R22,BYTE3(@0)
                 	SBCI R23,BYTE4(@0)
                 	.ENDM
                 
                 	.MACRO __SUBD2N
                 	SUBI R26,LOW(@0)
                 	SBCI R27,HIGH(@0)
                 	SBCI R24,BYTE3(@0)
                 	SBCI R25,BYTE4(@0)
                 	.ENDM
                 
                 	.MACRO __ANDBMNN
                 	LDS  R30,@0+(@1)
                 	ANDI R30,LOW(@2)
                 	STS  @0+(@1),R30
                 	.ENDM
                 
                 	.MACRO __ANDWMNN
                 	LDS  R30,@0+(@1)
                 	ANDI R30,LOW(@2)
                 	STS  @0+(@1),R30
                 	LDS  R30,@0+(@1)+1
                 	ANDI R30,HIGH(@2)
                 	STS  @0+(@1)+1,R30
                 	.ENDM
                 
                 	.MACRO __ANDD1N
                 	ANDI R30,LOW(@0)
                 	ANDI R31,HIGH(@0)
                 	ANDI R22,BYTE3(@0)
                 	ANDI R23,BYTE4(@0)
                 	.ENDM
                 
                 	.MACRO __ANDD2N
                 	ANDI R26,LOW(@0)
                 	ANDI R27,HIGH(@0)
                 	ANDI R24,BYTE3(@0)
                 	ANDI R25,BYTE4(@0)
                 	.ENDM
                 
                 	.MACRO __ORBMNN
                 	LDS  R30,@0+(@1)
                 	ORI  R30,LOW(@2)
                 	STS  @0+(@1),R30
                 	.ENDM
                 
                 	.MACRO __ORWMNN
                 	LDS  R30,@0+(@1)
                 	ORI  R30,LOW(@2)
                 	STS  @0+(@1),R30
                 	LDS  R30,@0+(@1)+1
                 	ORI  R30,HIGH(@2)
                 	STS  @0+(@1)+1,R30
                 	.ENDM
                 
                 	.MACRO __ORD1N
                 	ORI  R30,LOW(@0)
                 	ORI  R31,HIGH(@0)
                 	ORI  R22,BYTE3(@0)
                 	ORI  R23,BYTE4(@0)
                 	.ENDM
                 
                 	.MACRO __ORD2N
                 	ORI  R26,LOW(@0)
                 	ORI  R27,HIGH(@0)
                 	ORI  R24,BYTE3(@0)
                 	ORI  R25,BYTE4(@0)
                 	.ENDM
                 
                 	.MACRO __DELAY_USB
                 	LDI  R24,LOW(@0)
                 __DELAY_USB_LOOP:
                 	DEC  R24
                 	BRNE __DELAY_USB_LOOP
                 	.ENDM
                 
                 	.MACRO __DELAY_USW
                 	LDI  R24,LOW(@0)
                 	LDI  R25,HIGH(@0)
                 __DELAY_USW_LOOP:
                 	SBIW R24,1
                 	BRNE __DELAY_USW_LOOP
                 	.ENDM
                 
                 	.MACRO __GETD1S
                 	LDD  R30,Y+@0
                 	LDD  R31,Y+@0+1
                 	LDD  R22,Y+@0+2
                 	LDD  R23,Y+@0+3
                 	.ENDM
                 
                 	.MACRO __GETD2S
                 	LDD  R26,Y+@0
                 	LDD  R27,Y+@0+1
                 	LDD  R24,Y+@0+2
                 	LDD  R25,Y+@0+3
                 	.ENDM
                 
                 	.MACRO __PUTD1S
                 	STD  Y+@0,R30
                 	STD  Y+@0+1,R31
                 	STD  Y+@0+2,R22
                 	STD  Y+@0+3,R23
                 	.ENDM
                 
                 	.MACRO __PUTD2S
                 	STD  Y+@0,R26
                 	STD  Y+@0+1,R27
                 	STD  Y+@0+2,R24
                 	STD  Y+@0+3,R25
                 	.ENDM
                 
                 	.MACRO __PUTDZ2
                 	STD  Z+@0,R26
                 	STD  Z+@0+1,R27
                 	STD  Z+@0+2,R24
                 	STD  Z+@0+3,R25
                 	.ENDM
                 
                 	.MACRO __CLRD1S
                 	STD  Y+@0,R30
                 	STD  Y+@0+1,R30
                 	STD  Y+@0+2,R30
                 	STD  Y+@0+3,R30
                 	.ENDM
                 
                 	.MACRO __POINTB1MN
                 	LDI  R30,LOW(@0+(@1))
                 	.ENDM
                 
                 	.MACRO __POINTW1MN
                 	LDI  R30,LOW(@0+(@1))
                 	LDI  R31,HIGH(@0+(@1))
                 	.ENDM
                 
                 	.MACRO __POINTD1M
                 	LDI  R30,LOW(@0)
                 	LDI  R31,HIGH(@0)
                 	LDI  R22,BYTE3(@0)
                 	LDI  R23,BYTE4(@0)
                 	.ENDM
                 
                 	.MACRO __POINTW1FN
                 	LDI  R30,LOW(2*@0+(@1))
                 	LDI  R31,HIGH(2*@0+(@1))
                 	.ENDM
                 
                 	.MACRO __POINTD1FN
                 	LDI  R30,LOW(2*@0+(@1))
                 	LDI  R31,HIGH(2*@0+(@1))
                 	LDI  R22,BYTE3(2*@0+(@1))
                 	LDI  R23,BYTE4(2*@0+(@1))
                 	.ENDM
                 
                 	.MACRO __POINTB2MN
                 	LDI  R26,LOW(@0+(@1))
                 	.ENDM
                 
                 	.MACRO __POINTW2MN
                 	LDI  R26,LOW(@0+(@1))
                 	LDI  R27,HIGH(@0+(@1))
                 	.ENDM
                 
                 	.MACRO __POINTW2FN
                 	LDI  R26,LOW(2*@0+(@1))
                 	LDI  R27,HIGH(2*@0+(@1))
                 	.ENDM
                 
                 	.MACRO __POINTD2FN
                 	LDI  R26,LOW(2*@0+(@1))
                 	LDI  R27,HIGH(2*@0+(@1))
                 	LDI  R24,BYTE3(2*@0+(@1))
                 	LDI  R25,BYTE4(2*@0+(@1))
                 	.ENDM
                 
                 	.MACRO __POINTBRM
                 	LDI  R@0,LOW(@1)
                 	.ENDM
                 
                 	.MACRO __POINTWRM
                 	LDI  R@0,LOW(@2)
                 	LDI  R@1,HIGH(@2)
                 	.ENDM
                 
                 	.MACRO __POINTBRMN
                 	LDI  R@0,LOW(@1+(@2))
                 	.ENDM
                 
                 	.MACRO __POINTWRMN
                 	LDI  R@0,LOW(@2+(@3))
                 	LDI  R@1,HIGH(@2+(@3))
                 	.ENDM
                 
                 	.MACRO __POINTWRFN
                 	LDI  R@0,LOW(@2*2+(@3))
                 	LDI  R@1,HIGH(@2*2+(@3))
                 	.ENDM
                 
                 	.MACRO __GETD1N
                 	LDI  R30,LOW(@0)
                 	LDI  R31,HIGH(@0)
                 	LDI  R22,BYTE3(@0)
                 	LDI  R23,BYTE4(@0)
                 	.ENDM
                 
                 	.MACRO __GETD2N
                 	LDI  R26,LOW(@0)
                 	LDI  R27,HIGH(@0)
                 	LDI  R24,BYTE3(@0)
                 	LDI  R25,BYTE4(@0)
                 	.ENDM
                 
                 	.MACRO __GETB1MN
                 	LDS  R30,@0+(@1)
                 	.ENDM
                 
                 	.MACRO __GETB1HMN
                 	LDS  R31,@0+(@1)
                 	.ENDM
                 
                 	.MACRO __GETW1MN
                 	LDS  R30,@0+(@1)
                 	LDS  R31,@0+(@1)+1
                 	.ENDM
                 
                 	.MACRO __GETD1MN
                 	LDS  R30,@0+(@1)
                 	LDS  R31,@0+(@1)+1
                 	LDS  R22,@0+(@1)+2
                 	LDS  R23,@0+(@1)+3
                 	.ENDM
                 
                 	.MACRO __GETBRMN
                 	LDS  R@0,@1+(@2)
                 	.ENDM
                 
                 	.MACRO __GETWRMN
                 	LDS  R@0,@2+(@3)
                 	LDS  R@1,@2+(@3)+1
                 	.ENDM
                 
                 	.MACRO __GETWRZ
                 	LDD  R@0,Z+@2
                 	LDD  R@1,Z+@2+1
                 	.ENDM
                 
                 	.MACRO __GETD2Z
                 	LDD  R26,Z+@0
                 	LDD  R27,Z+@0+1
                 	LDD  R24,Z+@0+2
                 	LDD  R25,Z+@0+3
                 	.ENDM
                 
                 	.MACRO __GETB2MN
                 	LDS  R26,@0+(@1)
                 	.ENDM
                 
                 	.MACRO __GETW2MN
                 	LDS  R26,@0+(@1)
                 	LDS  R27,@0+(@1)+1
                 	.ENDM
                 
                 	.MACRO __GETD2MN
                 	LDS  R26,@0+(@1)
                 	LDS  R27,@0+(@1)+1
                 	LDS  R24,@0+(@1)+2
                 	LDS  R25,@0+(@1)+3
                 	.ENDM
                 
                 	.MACRO __PUTB1MN
                 	STS  @0+(@1),R30
                 	.ENDM
                 
                 	.MACRO __PUTW1MN
                 	STS  @0+(@1),R30
                 	STS  @0+(@1)+1,R31
                 	.ENDM
                 
                 	.MACRO __PUTD1MN
                 	STS  @0+(@1),R30
                 	STS  @0+(@1)+1,R31
                 	STS  @0+(@1)+2,R22
                 	STS  @0+(@1)+3,R23
                 	.ENDM
                 
                 	.MACRO __PUTB1EN
                 	LDI  R26,LOW(@0+(@1))
                 	LDI  R27,HIGH(@0+(@1))
                 	CALL __EEPROMWRB
                 	.ENDM
                 
                 	.MACRO __PUTW1EN
                 	LDI  R26,LOW(@0+(@1))
                 	LDI  R27,HIGH(@0+(@1))
                 	CALL __EEPROMWRW
                 	.ENDM
                 
                 	.MACRO __PUTD1EN
                 	LDI  R26,LOW(@0+(@1))
                 	LDI  R27,HIGH(@0+(@1))
                 	CALL __EEPROMWRD
                 	.ENDM
                 
                 	.MACRO __PUTBR0MN
                 	STS  @0+(@1),R0
                 	.ENDM
                 
                 	.MACRO __PUTBMRN
                 	STS  @0+(@1),R@2
                 	.ENDM
                 
                 	.MACRO __PUTWMRN
                 	STS  @0+(@1),R@2
                 	STS  @0+(@1)+1,R@3
                 	.ENDM
                 
                 	.MACRO __PUTBZR
                 	STD  Z+@1,R@0
                 	.ENDM
                 
                 	.MACRO __PUTWZR
                 	STD  Z+@2,R@0
                 	STD  Z+@2+1,R@1
                 	.ENDM
                 
                 	.MACRO __GETW1R
                 	MOV  R30,R@0
                 	MOV  R31,R@1
                 	.ENDM
                 
                 	.MACRO __GETW2R
                 	MOV  R26,R@0
                 	MOV  R27,R@1
                 	.ENDM
                 
                 	.MACRO __GETWRN
                 	LDI  R@0,LOW(@2)
                 	LDI  R@1,HIGH(@2)
                 	.ENDM
                 
                 	.MACRO __PUTW1R
                 	MOV  R@0,R30
                 	MOV  R@1,R31
                 	.ENDM
                 
                 	.MACRO __PUTW2R
                 	MOV  R@0,R26
                 	MOV  R@1,R27
                 	.ENDM
                 
                 	.MACRO __ADDWRN
                 	SUBI R@0,LOW(-@2)
                 	SBCI R@1,HIGH(-@2)
                 	.ENDM
                 
                 	.MACRO __ADDWRR
                 	ADD  R@0,R@2
                 	ADC  R@1,R@3
                 	.ENDM
                 
                 	.MACRO __SUBWRN
                 	SUBI R@0,LOW(@2)
                 	SBCI R@1,HIGH(@2)
                 	.ENDM
                 
                 	.MACRO __SUBWRR
                 	SUB  R@0,R@2
                 	SBC  R@1,R@3
                 	.ENDM
                 
                 	.MACRO __ANDWRN
                 	ANDI R@0,LOW(@2)
                 	ANDI R@1,HIGH(@2)
                 	.ENDM
                 
                 	.MACRO __ANDWRR
                 	AND  R@0,R@2
                 	AND  R@1,R@3
                 	.ENDM
                 
                 	.MACRO __ORWRN
                 	ORI  R@0,LOW(@2)
                 	ORI  R@1,HIGH(@2)
                 	.ENDM
                 
                 	.MACRO __ORWRR
                 	OR   R@0,R@2
                 	OR   R@1,R@3
                 	.ENDM
                 
                 	.MACRO __EORWRR
                 	EOR  R@0,R@2
                 	EOR  R@1,R@3
                 	.ENDM
                 
                 	.MACRO __GETWRS
                 	LDD  R@0,Y+@2
                 	LDD  R@1,Y+@2+1
                 	.ENDM
                 
                 	.MACRO __PUTBSR
                 	STD  Y+@1,R@0
                 	.ENDM
                 
                 	.MACRO __PUTWSR
                 	STD  Y+@2,R@0
                 	STD  Y+@2+1,R@1
                 	.ENDM
                 
                 	.MACRO __MOVEWRR
                 	MOV  R@0,R@2
                 	MOV  R@1,R@3
                 	.ENDM
                 
                 	.MACRO __INWR
                 	IN   R@0,@2
                 	IN   R@1,@2+1
                 	.ENDM
                 
                 	.MACRO __OUTWR
                 	OUT  @2+1,R@1
                 	OUT  @2,R@0
                 	.ENDM
                 
                 	.MACRO __CALL1MN
                 	LDS  R30,@0+(@1)
                 	LDS  R31,@0+(@1)+1
                 	ICALL
                 	.ENDM
                 
                 	.MACRO __CALL1FN
                 	LDI  R30,LOW(2*@0+(@1))
                 	LDI  R31,HIGH(2*@0+(@1))
                 	CALL __GETW1PF
                 	ICALL
                 	.ENDM
                 
                 	.MACRO __CALL2EN
                 	PUSH R26
                 	PUSH R27
                 	LDI  R26,LOW(@0+(@1))
                 	LDI  R27,HIGH(@0+(@1))
                 	CALL __EEPROMRDW
                 	POP  R27
                 	POP  R26
                 	ICALL
                 	.ENDM
                 
                 	.MACRO __CALL2EX
                 	SUBI R26,LOW(-@0)
                 	SBCI R27,HIGH(-@0)
                 	CALL __EEPROMRDD
                 	ICALL
                 	.ENDM
                 
                 	.MACRO __GETW1STACK
                 	IN   R30,SPL
                 	IN   R31,SPH
                 	ADIW R30,@0+1
                 	LD   R0,Z+
                 	LD   R31,Z
                 	MOV  R30,R0
                 	.ENDM
                 
                 	.MACRO __GETD1STACK
                 	IN   R30,SPL
                 	IN   R31,SPH
                 	ADIW R30,@0+1
                 	LD   R0,Z+
                 	LD   R1,Z+
                 	LD   R22,Z
                 	MOVW R30,R0
                 	.ENDM
                 
                 	.MACRO __NBST
                 	BST  R@0,@1
                 	IN   R30,SREG
                 	LDI  R31,0x40
                 	EOR  R30,R31
                 	OUT  SREG,R30
                 	.ENDM
                 
                 
                 	.MACRO __PUTB1SN
                 	LDD  R26,Y+@0
                 	LDD  R27,Y+@0+1
                 	SUBI R26,LOW(-@1)
                 	SBCI R27,HIGH(-@1)
                 	ST   X,R30
                 	.ENDM
                 
                 	.MACRO __PUTW1SN
                 	LDD  R26,Y+@0
                 	LDD  R27,Y+@0+1
                 	SUBI R26,LOW(-@1)
                 	SBCI R27,HIGH(-@1)
                 	ST   X+,R30
                 	ST   X,R31
                 	.ENDM
                 
                 	.MACRO __PUTD1SN
                 	LDD  R26,Y+@0
                 	LDD  R27,Y+@0+1
                 	SUBI R26,LOW(-@1)
                 	SBCI R27,HIGH(-@1)
                 	CALL __PUTDP1
                 	.ENDM
                 
                 	.MACRO __PUTB1SNS
                 	LDD  R26,Y+@0
                 	LDD  R27,Y+@0+1
                 	ADIW R26,@1
                 	ST   X,R30
                 	.ENDM
                 
                 	.MACRO __PUTW1SNS
                 	LDD  R26,Y+@0
                 	LDD  R27,Y+@0+1
                 	ADIW R26,@1
                 	ST   X+,R30
                 	ST   X,R31
                 	.ENDM
                 
                 	.MACRO __PUTD1SNS
                 	LDD  R26,Y+@0
                 	LDD  R27,Y+@0+1
                 	ADIW R26,@1
                 	CALL __PUTDP1
                 	.ENDM
                 
                 	.MACRO __PUTB1PMN
                 	LDS  R26,@0
                 	LDS  R27,@0+1
                 	SUBI R26,LOW(-@1)
                 	SBCI R27,HIGH(-@1)
                 	ST   X,R30
                 	.ENDM
                 
                 	.MACRO __PUTW1PMN
                 	LDS  R26,@0
                 	LDS  R27,@0+1
                 	SUBI R26,LOW(-@1)
                 	SBCI R27,HIGH(-@1)
                 	ST   X+,R30
                 	ST   X,R31
                 	.ENDM
                 
                 	.MACRO __PUTD1PMN
                 	LDS  R26,@0
                 	LDS  R27,@0+1
                 	SUBI R26,LOW(-@1)
                 	SBCI R27,HIGH(-@1)
                 	CALL __PUTDP1
                 	.ENDM
                 
                 	.MACRO __PUTB1PMNS
                 	LDS  R26,@0
                 	LDS  R27,@0+1
                 	ADIW R26,@1
                 	ST   X,R30
                 	.ENDM
                 
                 	.MACRO __PUTW1PMNS
                 	LDS  R26,@0
                 	LDS  R27,@0+1
                 	ADIW R26,@1
                 	ST   X+,R30
                 	ST   X,R31
                 	.ENDM
                 
                 	.MACRO __PUTD1PMNS
                 	LDS  R26,@0
                 	LDS  R27,@0+1
                 	ADIW R26,@1
                 	CALL __PUTDP1
                 	.ENDM
                 
                 	.MACRO __PUTB1RN
                 	MOVW R26,R@0
                 	SUBI R26,LOW(-@1)
                 	SBCI R27,HIGH(-@1)
                 	ST   X,R30
                 	.ENDM
                 
                 	.MACRO __PUTW1RN
                 	MOVW R26,R@0
                 	SUBI R26,LOW(-@1)
                 	SBCI R27,HIGH(-@1)
                 	ST   X+,R30
                 	ST   X,R31
                 	.ENDM
                 
                 	.MACRO __PUTD1RN
                 	MOVW R26,R@0
                 	SUBI R26,LOW(-@1)
                 	SBCI R27,HIGH(-@1)
                 	CALL __PUTDP1
                 	.ENDM
                 
                 	.MACRO __PUTB1RNS
                 	MOVW R26,R@0
                 	ADIW R26,@1
                 	ST   X,R30
                 	.ENDM
                 
                 	.MACRO __PUTW1RNS
                 	MOVW R26,R@0
                 	ADIW R26,@1
                 	ST   X+,R30
                 	ST   X,R31
                 	.ENDM
                 
                 	.MACRO __PUTD1RNS
                 	MOVW R26,R@0
                 	ADIW R26,@1
                 	CALL __PUTDP1
                 	.ENDM
                 
                 	.MACRO __PUTB1RON
                 	MOV  R26,R@0
                 	MOV  R27,R@1
                 	SUBI R26,LOW(-@2)
                 	SBCI R27,HIGH(-@2)
                 	ST   X,R30
                 	.ENDM
                 
                 	.MACRO __PUTW1RON
                 	MOV  R26,R@0
                 	MOV  R27,R@1
                 	SUBI R26,LOW(-@2)
                 	SBCI R27,HIGH(-@2)
                 	ST   X+,R30
                 	ST   X,R31
                 	.ENDM
                 
                 	.MACRO __PUTD1RON
                 	MOV  R26,R@0
                 	MOV  R27,R@1
                 	SUBI R26,LOW(-@2)
                 	SBCI R27,HIGH(-@2)
                 	CALL __PUTDP1
                 	.ENDM
                 
                 	.MACRO __PUTB1RONS
                 	MOV  R26,R@0
                 	MOV  R27,R@1
                 	ADIW R26,@2
                 	ST   X,R30
                 	.ENDM
                 
                 	.MACRO __PUTW1RONS
                 	MOV  R26,R@0
                 	MOV  R27,R@1
                 	ADIW R26,@2
                 	ST   X+,R30
                 	ST   X,R31
                 	.ENDM
                 
                 	.MACRO __PUTD1RONS
                 	MOV  R26,R@0
                 	MOV  R27,R@1
                 	ADIW R26,@2
                 	CALL __PUTDP1
                 	.ENDM
                 
                 
                 	.MACRO __GETB1SX
                 	MOVW R30,R28
                 	SUBI R30,LOW(-@0)
                 	SBCI R31,HIGH(-@0)
                 	LD   R30,Z
                 	.ENDM
                 
                 	.MACRO __GETB1HSX
                 	MOVW R30,R28
                 	SUBI R30,LOW(-@0)
                 	SBCI R31,HIGH(-@0)
                 	LD   R31,Z
                 	.ENDM
                 
                 	.MACRO __GETW1SX
                 	MOVW R30,R28
                 	SUBI R30,LOW(-@0)
                 	SBCI R31,HIGH(-@0)
                 	LD   R0,Z+
                 	LD   R31,Z
                 	MOV  R30,R0
                 	.ENDM
                 
                 	.MACRO __GETD1SX
                 	MOVW R30,R28
                 	SUBI R30,LOW(-@0)
                 	SBCI R31,HIGH(-@0)
                 	LD   R0,Z+
                 	LD   R1,Z+
                 	LD   R22,Z+
                 	LD   R23,Z
                 	MOVW R30,R0
                 	.ENDM
                 
                 	.MACRO __GETB2SX
                 	MOVW R26,R28
                 	SUBI R26,LOW(-@0)
                 	SBCI R27,HIGH(-@0)
                 	LD   R26,X
                 	.ENDM
                 
                 	.MACRO __GETW2SX
                 	MOVW R26,R28
                 	SUBI R26,LOW(-@0)
                 	SBCI R27,HIGH(-@0)
                 	LD   R0,X+
                 	LD   R27,X
                 	MOV  R26,R0
                 	.ENDM
                 
                 	.MACRO __GETD2SX
                 	MOVW R26,R28
                 	SUBI R26,LOW(-@0)
                 	SBCI R27,HIGH(-@0)
                 	LD   R0,X+
                 	LD   R1,X+
                 	LD   R24,X+
                 	LD   R25,X
                 	MOVW R26,R0
                 	.ENDM
                 
                 	.MACRO __GETBRSX
                 	MOVW R30,R28
                 	SUBI R30,LOW(-@1)
                 	SBCI R31,HIGH(-@1)
                 	LD   R@0,Z
                 	.ENDM
                 
                 	.MACRO __GETWRSX
                 	MOVW R30,R28
                 	SUBI R30,LOW(-@2)
                 	SBCI R31,HIGH(-@2)
                 	LD   R@0,Z+
                 	LD   R@1,Z
                 	.ENDM
                 
                 	.MACRO __GETBRSX2
                 	MOVW R26,R28
                 	SUBI R26,LOW(-@1)
                 	SBCI R27,HIGH(-@1)
                 	LD   R@0,X
                 	.ENDM
                 
                 	.MACRO __GETWRSX2
                 	MOVW R26,R28
                 	SUBI R26,LOW(-@2)
                 	SBCI R27,HIGH(-@2)
                 	LD   R@0,X+
                 	LD   R@1,X
                 	.ENDM
                 
                 	.MACRO __LSLW8SX
                 	MOVW R30,R28
                 	SUBI R30,LOW(-@0)
                 	SBCI R31,HIGH(-@0)
                 	LD   R31,Z
                 	CLR  R30
                 	.ENDM
                 
                 	.MACRO __PUTB1SX
                 	MOVW R26,R28
                 	SUBI R26,LOW(-@0)
                 	SBCI R27,HIGH(-@0)
                 	ST   X,R30
                 	.ENDM
                 
                 	.MACRO __PUTW1SX
                 	MOVW R26,R28
                 	SUBI R26,LOW(-@0)
                 	SBCI R27,HIGH(-@0)
                 	ST   X+,R30
                 	ST   X,R31
                 	.ENDM
                 
                 	.MACRO __PUTD1SX
                 	MOVW R26,R28
                 	SUBI R26,LOW(-@0)
                 	SBCI R27,HIGH(-@0)
                 	ST   X+,R30
                 	ST   X+,R31
                 	ST   X+,R22
                 	ST   X,R23
                 	.ENDM
                 
                 	.MACRO __CLRW1SX
                 	MOVW R26,R28
                 	SUBI R26,LOW(-@0)
                 	SBCI R27,HIGH(-@0)
                 	ST   X+,R30
                 	ST   X,R30
                 	.ENDM
                 
                 	.MACRO __CLRD1SX
                 	MOVW R26,R28
                 	SUBI R26,LOW(-@0)
                 	SBCI R27,HIGH(-@0)
                 	ST   X+,R30
                 	ST   X+,R30
                 	ST   X+,R30
                 	ST   X,R30
                 	.ENDM
                 
                 	.MACRO __PUTB2SX
                 	MOVW R30,R28
                 	SUBI R30,LOW(-@0)
                 	SBCI R31,HIGH(-@0)
                 	ST   Z,R26
                 	.ENDM
                 
                 	.MACRO __PUTW2SX
                 	MOVW R30,R28
                 	SUBI R30,LOW(-@0)
                 	SBCI R31,HIGH(-@0)
                 	ST   Z+,R26
                 	ST   Z,R27
                 	.ENDM
                 
                 	.MACRO __PUTD2SX
                 	MOVW R30,R28
                 	SUBI R30,LOW(-@0)
                 	SBCI R31,HIGH(-@0)
                 	ST   Z+,R26
                 	ST   Z+,R27
                 	ST   Z+,R24
                 	ST   Z,R25
                 	.ENDM
                 
                 	.MACRO __PUTBSRX
                 	MOVW R30,R28
                 	SUBI R30,LOW(-@1)
                 	SBCI R31,HIGH(-@1)
                 	ST   Z,R@0
                 	.ENDM
                 
                 	.MACRO __PUTWSRX
                 	MOVW R30,R28
                 	SUBI R30,LOW(-@2)
                 	SBCI R31,HIGH(-@2)
                 	ST   Z+,R@0
                 	ST   Z,R@1
                 	.ENDM
                 
                 	.MACRO __PUTB1SNX
                 	MOVW R26,R28
                 	SUBI R26,LOW(-@0)
                 	SBCI R27,HIGH(-@0)
                 	LD   R0,X+
                 	LD   R27,X
                 	MOV  R26,R0
                 	SUBI R26,LOW(-@1)
                 	SBCI R27,HIGH(-@1)
                 	ST   X,R30
                 	.ENDM
                 
                 	.MACRO __PUTW1SNX
                 	MOVW R26,R28
                 	SUBI R26,LOW(-@0)
                 	SBCI R27,HIGH(-@0)
                 	LD   R0,X+
                 	LD   R27,X
                 	MOV  R26,R0
                 	SUBI R26,LOW(-@1)
                 	SBCI R27,HIGH(-@1)
                 	ST   X+,R30
                 	ST   X,R31
                 	.ENDM
                 
                 	.MACRO __PUTD1SNX
                 	MOVW R26,R28
                 	SUBI R26,LOW(-@0)
                 	SBCI R27,HIGH(-@0)
                 	LD   R0,X+
                 	LD   R27,X
                 	MOV  R26,R0
                 	SUBI R26,LOW(-@1)
                 	SBCI R27,HIGH(-@1)
                 	ST   X+,R30
                 	ST   X+,R31
                 	ST   X+,R22
                 	ST   X,R23
                 	.ENDM
                 
                 	.MACRO __MULBRR
                 	MULS R@0,R@1
                 	MOVW R30,R0
                 	.ENDM
                 
                 	.MACRO __MULBRRU
                 	MUL  R@0,R@1
                 	MOVW R30,R0
                 	.ENDM
                 
                 	.MACRO __MULBRR0
                 	MULS R@0,R@1
                 	.ENDM
                 
                 	.MACRO __MULBRRU0
                 	MUL  R@0,R@1
                 	.ENDM
                 
                 	.MACRO __MULBNWRU
                 	LDI  R26,@2
                 	MUL  R26,R@0
                 	MOVW R30,R0
                 	MUL  R26,R@1
                 	ADD  R31,R0
                 	.ENDM
                 
                 ;NAME DEFINITIONS FOR GLOBAL VARIABLES ALLOCATED TO REGISTERS
                 	.DEF _counter1=R5
                 	.DEF _password_count=R4
                 	.DEF _test=R7
                 	.DEF _temp=R6
                 	.DEF _timer1=R9
                 
                 	.CSEG
                 	.ORG 0x00
                 
                 ;START OF CODE MARKER
                 __START_OF_CODE:
                 
                 ;INTERRUPT VECTORS
000000 940c 0037 	JMP  __RESET
000002 940c 0000 	JMP  0x00
000004 940c 0000 	JMP  0x00
000006 940c 0000 	JMP  0x00
000008 940c 0000 	JMP  0x00
00000a 940c 0000 	JMP  0x00
00000c 940c 0000 	JMP  0x00
00000e 940c 0000 	JMP  0x00
000010 940c 0000 	JMP  0x00
000012 940c 0000 	JMP  0x00
000014 940c 0000 	JMP  0x00
000016 940c 0000 	JMP  0x00
000018 940c 0000 	JMP  0x00
00001a 940c 0000 	JMP  0x00
00001c 940c 0000 	JMP  0x00
00001e 940c 0000 	JMP  0x00
000020 940c 0000 	JMP  0x00
000022 940c 0000 	JMP  0x00
000024 940c 0000 	JMP  0x00
000026 940c 0000 	JMP  0x00
000028 940c 0000 	JMP  0x00
                 
                 ;GLOBAL REGISTER VARIABLES INITIALIZATION
                 __REG_VARS:
00002a 0006
00002b 0100      	.DB  0x6,0x0,0x0,0x1
00002c 0000      	.DB  0x0,0x0
                 
                 _0x3:
00002d 0101
00002e 0001
00002f 0100      	.DB  0x1,0x1,0x1,0x0,0x0,0x1
                 
                 __GLOBAL_INI_TBL:
000030 0006      	.DW  0x06
000031 0004      	.DW  0x04
000032 0054      	.DW  __REG_VARS*2
                 
000033 0006      	.DW  0x06
000034 0260      	.DW  _password
000035 005a      	.DW  _0x3*2
                 
                 _0xFFFFFFFF:
000036 0000      	.DW  0
                 
                 #define __GLOBAL_INI_TBL_PRESENT 1
                 
                 __RESET:
000037 94f8      	CLI
000038 27ee      	CLR  R30
000039 bbec      	OUT  EECR,R30
                 
                 ;INTERRUPT VECTORS ARE PLACED
                 ;AT THE START OF FLASH
00003a e0f1      	LDI  R31,1
00003b bff5      	OUT  MCUCR,R31
00003c bfe5      	OUT  MCUCR,R30
                 
                 ;CLEAR R2-R14
00003d e08d      	LDI  R24,(14-2)+1
00003e e0a2      	LDI  R26,2
00003f 27bb      	CLR  R27
                 __CLEAR_REG:
000040 93ed      	ST   X+,R30
000041 958a      	DEC  R24
000042 f7e9      	BRNE __CLEAR_REG
                 
                 ;CLEAR SRAM
000043 e080      	LDI  R24,LOW(__CLEAR_SRAM_SIZE)
000044 e098      	LDI  R25,HIGH(__CLEAR_SRAM_SIZE)
000045 e6a0      	LDI  R26,__SRAM_START
                 __CLEAR_SRAM:
000046 93ed      	ST   X+,R30
000047 9701      	SBIW R24,1
000048 f7e9      	BRNE __CLEAR_SRAM
                 
                 ;GLOBAL VARIABLES INITIALIZATION
000049 e6e0      	LDI  R30,LOW(__GLOBAL_INI_TBL*2)
00004a e0f0      	LDI  R31,HIGH(__GLOBAL_INI_TBL*2)
                 __GLOBAL_INI_NEXT:
00004b 9185      	LPM  R24,Z+
00004c 9195      	LPM  R25,Z+
00004d 9700      	SBIW R24,0
00004e f061      	BREQ __GLOBAL_INI_END
00004f 91a5      	LPM  R26,Z+
000050 91b5      	LPM  R27,Z+
000051 9005      	LPM  R0,Z+
000052 9015      	LPM  R1,Z+
000053 01bf      	MOVW R22,R30
000054 01f0      	MOVW R30,R0
                 __GLOBAL_INI_LOOP:
000055 9005      	LPM  R0,Z+
000056 920d      	ST   X+,R0
000057 9701      	SBIW R24,1
000058 f7e1      	BRNE __GLOBAL_INI_LOOP
000059 01fb      	MOVW R30,R22
00005a cff0      	RJMP __GLOBAL_INI_NEXT
                 __GLOBAL_INI_END:
                 
                 ;HARDWARE STACK POINTER INITIALIZATION
00005b e5ef      	LDI  R30,LOW(__SRAM_END-__HEAP_SIZE)
00005c bfed      	OUT  SPL,R30
00005d e0e8      	LDI  R30,HIGH(__SRAM_END-__HEAP_SIZE)
00005e bfee      	OUT  SPH,R30
                 
                 ;DATA STACK POINTER INITIALIZATION
00005f e6c0      	LDI  R28,LOW(__SRAM_START+__DSTACK_SIZE)
000060 e0d2      	LDI  R29,HIGH(__SRAM_START+__DSTACK_SIZE)
                 
000061 940c 0063 	JMP  _main
                 
                 	.ESEG
                 	.ORG 0
                 
                 	.DSEG
                 	.ORG 0x260
                 
                 	.CSEG
                 ;/*******************************************************
                 ;This program was created by the
                 ;CodeWizardAVR V3.14 Advanced
                 ;Automatic Program Generator
                 ;© Copyright 1998-2014 Pavel Haiduc, HP InfoTech s.r.l.
                 ;http://www.hpinfotech.com
                 ;
                 ;Project : Password_Module_Trail_0
                 ;Version : 0
                 ;Date    : 11/15/2021
                 ;Author  : Mohamed Ibrahem
                 ;Company : Home
                 ;Comments:
                 ;NO COMMENT
                 ;
                 ;
                 ;Chip type               : ATmega32A
                 ;Program type            : Application
                 ;AVR Core Clock frequency: 11.059200 MHz
                 ;Memory model            : Small
                 ;External RAM size       : 0
                 ;Data Stack size         : 512
                 ;*******************************************************/
                 ;
                 ;#include <mega32a.h>
                 	#ifndef __SLEEP_DEFINED__
                 	#define __SLEEP_DEFINED__
                 	.EQU __se_bit=0x80
                 	.EQU __sm_mask=0x70
                 	.EQU __sm_powerdown=0x20
                 	.EQU __sm_powersave=0x30
                 	.EQU __sm_standby=0x60
                 	.EQU __sm_ext_standby=0x70
                 	.EQU __sm_adc_noise_red=0x10
                 	.SET power_ctrl_reg=mcucr
                 	#endif
                 ;
                 ;#include <delay.h>
                 ;#define LED_GREEN PORTB.0
                 ;#define LED_RED   PORTB.1
                 ;
                 ;#define BUTTON1 PINA.0
                 ;#define BUTTON2 PINA.1
                 ;#define BUTTON3 PINA.2
                 ;
                 ;#define ON  1
                 ;#define OFF 0
                 ;
                 ;char counter1 = 0;
                 ;char password_count = 6;
                 ;char password [password_count]  = {1,1,1,0,0,1} ;
                 
                 	.DSEG
                 ;char entered [password_count]   = {0,0,0,0,0,0} ;
                 ;char test=1;
                 ;char temp=0;
                 ;char timer1=0;
                 ;
                 ;void main(void)
                 ; 0000 002F {
                 
                 	.CSEG
                 _main:
                 ; .FSTART _main
                 ; 0000 0030 
                 ; 0000 0031 DDRB    = 0xff ;
000063 efef      	LDI  R30,LOW(255)
000064 bbe7      	OUT  0x17,R30
                 ; 0000 0032 PORTB   = 0x00 ;
000065 e0e0      	LDI  R30,LOW(0)
000066 bbe8      	OUT  0x18,R30
                 ; 0000 0033 
                 ; 0000 0034 DDRA    = 0xf0 ;
000067 efe0      	LDI  R30,LOW(240)
000068 bbea      	OUT  0x1A,R30
                 ; 0000 0035 PORTA   = 0x00 ;
000069 e0e0      	LDI  R30,LOW(0)
00006a bbeb      	OUT  0x1B,R30
                 ; 0000 0036 PORTA.0 = 1    ;
00006b 9ad8      	SBI  0x1B,0
                 ; 0000 0037 PORTA.1 = 1    ;
00006c 9ad9      	SBI  0x1B,1
                 ; 0000 0038 PORTA.2 = 1    ;
00006d 9ada      	SBI  0x1B,2
                 ; 0000 0039 
                 ; 0000 003A 
                 ; 0000 003B while (1)
                 _0xA:
                 ; 0000 003C       {
                 ; 0000 003D       if(counter1 == password_count){
00006e 1445      	CP   R4,R5
00006f f529      	BRNE _0xD
                 ; 0000 003E               while(temp<password_count){
                 _0xE:
000070 1464      	CP   R6,R4
000071 f458      	BRSH _0x10
                 ; 0000 003F                    if(entered[temp] ==  password[temp]){
000072 d075      	RCALL SUBOPT_0x0
000073 f419      	BRNE _0x11
                 ; 0000 0040                       test =1;
000074 e0e1      	LDI  R30,LOW(1)
000075 2e7e      	MOV  R7,R30
                 ; 0000 0041                      }
                 ; 0000 0042                    else if ( entered[temp] !=  password[temp]){
000076 c004      	RJMP _0x12
                 _0x11:
000077 d070      	RCALL SUBOPT_0x0
000078 f011      	BREQ _0x13
                 ; 0000 0043                       test =0;
000079 2477      	CLR  R7
                 ; 0000 0044                       break;
00007a c002      	RJMP _0x10
                 ; 0000 0045                     }
                 ; 0000 0046                    temp++;
                 _0x13:
                 _0x12:
00007b 9463      	INC  R6
                 ; 0000 0047                   }
00007c cff3      	RJMP _0xE
                 _0x10:
                 ; 0000 0048               temp=0;
00007d 2466      	CLR  R6
                 ; 0000 0049               if( test == 1 ){
00007e e0e1      	LDI  R30,LOW(1)
00007f 15e7      	CP   R30,R7
000080 f441      	BRNE _0x14
                 ; 0000 004A                     LED_GREEN = ON;
000081 9ac0      	SBI  0x18,0
                 ; 0000 004B                     delay_ms(50);
000082 e3a2      	LDI  R26,LOW(50)
000083 e0b0      	LDI  R27,0
000084 940e 00f8 	CALL _delay_ms
                 ; 0000 004C                     LED_GREEN = OFF;
000086 98c0      	CBI  0x18,0
                 ; 0000 004D                     counter1=0;
000087 2455      	CLR  R5
                 ; 0000 004E                     }
                 ; 0000 004F               else if (test == 0){
000088 c00b      	RJMP _0x19
                 _0x14:
000089 2077      	TST  R7
00008a f449      	BRNE _0x1A
                 ; 0000 0050                     LED_RED = ON;
00008b 9ac1      	SBI  0x18,1
                 ; 0000 0051                     delay_ms(50);
00008c e3a2      	LDI  R26,LOW(50)
00008d e0b0      	LDI  R27,0
00008e 940e 00f8 	CALL _delay_ms
                 ; 0000 0052                     LED_RED = OFF;
000090 98c1      	CBI  0x18,1
                 ; 0000 0053                     counter1=0;
000091 2455      	CLR  R5
                 ; 0000 0054                     test = 1;
000092 e0e1      	LDI  R30,LOW(1)
000093 2e7e      	MOV  R7,R30
                 ; 0000 0055                     }
                 ; 0000 0056                 }
                 _0x1A:
                 _0x19:
                 ; 0000 0057       else if( BUTTON1 == 1){
000094 c051      	RJMP _0x1F
                 _0xD:
000095 9bc8      	SBIS 0x19,0
000096 c01b      	RJMP _0x20
                 ; 0000 0058         delay_ms(20);
000097 d05c      	RCALL SUBOPT_0x1
                 ; 0000 0059         while (BUTTON1 == 1){
                 _0x21:
000098 9bc8      	SBIS 0x19,0
000099 c003      	RJMP _0x23
                 ; 0000 005A               delay_ms(20);
00009a d059      	RCALL SUBOPT_0x1
                 ; 0000 005B               timer1++;
00009b 9493      	INC  R9
                 ; 0000 005C             }
00009c cffb      	RJMP _0x21
                 _0x23:
                 ; 0000 005D         if( timer1<= 7){
00009d e0e7      	LDI  R30,LOW(7)
00009e 15e9      	CP   R30,R9
00009f f030      	BRLO _0x24
                 ; 0000 005E                 entered[counter1] = 1;
0000a0 2de5      	MOV  R30,R5
0000a1 e0f0      	LDI  R31,0
0000a2 59ea      	SUBI R30,LOW(-_entered)
0000a3 4ffd      	SBCI R31,HIGH(-_entered)
0000a4 e0a1      	LDI  R26,LOW(1)
0000a5 c008      	RJMP _0x3F
                 ; 0000 005F                 counter1++;
                 ; 0000 0060               }
                 ; 0000 0061         else if(timer1 > 7){
                 _0x24:
0000a6 e0e7      	LDI  R30,LOW(7)
0000a7 15e9      	CP   R30,R9
0000a8 f438      	BRSH _0x26
                 ; 0000 0062                 entered[counter1] = 0;
0000a9 2de5      	MOV  R30,R5
0000aa e0f0      	LDI  R31,0
0000ab 59ea      	SUBI R30,LOW(-_entered)
0000ac 4ffd      	SBCI R31,HIGH(-_entered)
0000ad e0a0      	LDI  R26,LOW(0)
                 _0x3F:
0000ae 83a0      	STD  Z+0,R26
                 ; 0000 0063                 counter1++;
0000af 9453      	INC  R5
                 ; 0000 0064               }
                 ; 0000 0065         timer1=0;
                 _0x26:
0000b0 2499      	CLR  R9
                 ; 0000 0066         }
                 ; 0000 0067 
                 ; 0000 0068       /*
                 ; 0000 0069       else if( BUTTON2 == 1){
                 ; 0000 006A         delay_ms(20);
                 ; 0000 006B        entered[counter1] = 0;
                 ; 0000 006C         counter1++;
                 ; 0000 006D         }*/
                 ; 0000 006E 
                 ; 0000 006F       else if( BUTTON3 == 1){
0000b1 c034      	RJMP _0x27
                 _0x20:
0000b2 9bca      	SBIS 0x19,2
0000b3 c030      	RJMP _0x28
                 ; 0000 0070             password_count=0;
0000b4 2444      	CLR  R4
                 ; 0000 0071             LED_GREEN= ON;
0000b5 9ac0      	SBI  0x18,0
                 ; 0000 0072             timer1=0;
0000b6 2499      	CLR  R9
                 ; 0000 0073             while (BUTTON3 == 1){
                 _0x2B:
0000b7 9bca      	SBIS 0x19,2
0000b8 c028      	RJMP _0x2D
                 ; 0000 0074             delay_ms(20);
0000b9 d03a      	RCALL SUBOPT_0x1
                 ; 0000 0075                    if( BUTTON1 == 1){
0000ba 9bc8      	SBIS 0x19,0
0000bb c01f      	RJMP _0x2E
                 ; 0000 0076                         while (BUTTON1 == 1){
                 _0x2F:
0000bc 9bc8      	SBIS 0x19,0
0000bd c003      	RJMP _0x31
                 ; 0000 0077                         delay_ms(20);
0000be d035      	RCALL SUBOPT_0x1
                 ; 0000 0078                         timer1++;
0000bf 9493      	INC  R9
                 ; 0000 0079                             }
0000c0 cffb      	RJMP _0x2F
                 _0x31:
                 ; 0000 007A                         if( timer1<= 6){
0000c1 e0e6      	LDI  R30,LOW(6)
0000c2 15e9      	CP   R30,R9
0000c3 f030      	BRLO _0x32
                 ; 0000 007B                             password [password_count] = 1 ;
0000c4 2de4      	MOV  R30,R4
0000c5 e0f0      	LDI  R31,0
0000c6 5ae0      	SUBI R30,LOW(-_password)
0000c7 4ffd      	SBCI R31,HIGH(-_password)
0000c8 e0a1      	LDI  R26,LOW(1)
0000c9 c008      	RJMP _0x40
                 ; 0000 007C                             entered  [password_count] = 0 ;
                 ; 0000 007D                             password_count++;
                 ; 0000 007E                                 }
                 ; 0000 007F                         else if(timer1 > 6){
                 _0x32:
0000ca e0e6      	LDI  R30,LOW(6)
0000cb 15e9      	CP   R30,R9
0000cc f468      	BRSH _0x34
                 ; 0000 0080                             password [password_count] = 0 ;
0000cd 2de4      	MOV  R30,R4
0000ce e0f0      	LDI  R31,0
0000cf 5ae0      	SUBI R30,LOW(-_password)
0000d0 4ffd      	SBCI R31,HIGH(-_password)
0000d1 e0a0      	LDI  R26,LOW(0)
                 _0x40:
0000d2 83a0      	STD  Z+0,R26
                 ; 0000 0081                             entered  [password_count] = 0 ;
0000d3 2de4      	MOV  R30,R4
0000d4 e0f0      	LDI  R31,0
0000d5 59ea      	SUBI R30,LOW(-_entered)
0000d6 4ffd      	SBCI R31,HIGH(-_entered)
0000d7 e0a0      	LDI  R26,LOW(0)
0000d8 83a0      	STD  Z+0,R26
                 ; 0000 0082                             password_count++;
0000d9 9443      	INC  R4
                 ; 0000 0083                                 }
                 ; 0000 0084                         timer1=0;
                 _0x34:
0000da 2499      	CLR  R9
                 ; 0000 0085                         }
                 ; 0000 0086                    if(BUTTON3 == 0){
                 _0x2E:
0000db 99ca      	SBIC 0x19,2
0000dc c003      	RJMP _0x35
                 ; 0000 0087                    delay_ms(20);
0000dd d016      	RCALL SUBOPT_0x1
                 ; 0000 0088                     if(BUTTON3 == 0){
0000de 9bca      	SBIS 0x19,2
                 ; 0000 0089                         break;}
0000df c001      	RJMP _0x2D
                 ; 0000 008A                    }
                 ; 0000 008B             }
                 _0x35:
0000e0 cfd6      	RJMP _0x2B
                 _0x2D:
                 ; 0000 008C             counter1=0;
0000e1 2455      	CLR  R5
                 ; 0000 008D             LED_GREEN= OFF;
0000e2 98c0      	CBI  0x18,0
                 ; 0000 008E 
                 ; 0000 008F         }
                 ; 0000 0090       else{
0000e3 c002      	RJMP _0x39
                 _0x28:
                 ; 0000 0091         LED_GREEN = OFF;
0000e4 98c0      	CBI  0x18,0
                 ; 0000 0092         LED_RED   = OFF;
0000e5 98c1      	CBI  0x18,1
                 ; 0000 0093         }
                 _0x39:
                 _0x27:
                 _0x1F:
                 ; 0000 0094 
                 ; 0000 0095       }
0000e6 cf87      	RJMP _0xA
                 ; 0000 0096 }
                 _0x3E:
0000e7 cfff      	RJMP _0x3E
                 ; .FEND
                 
                 	.DSEG
                 _password:
000260           	.BYTE 0x6
                 _entered:
000266           	.BYTE 0x6
                 
                 	.CSEG
                 ;OPTIMIZER ADDED SUBROUTINE, CALLED 2 TIMES, CODE SIZE REDUCTION:6 WORDS
                 SUBOPT_0x0:
0000e8 2de6      	MOV  R30,R6
0000e9 e0f0      	LDI  R31,0
0000ea 59ea      	SUBI R30,LOW(-_entered)
0000eb 4ffd      	SBCI R31,HIGH(-_entered)
0000ec 81a0      	LD   R26,Z
0000ed 2de6      	MOV  R30,R6
0000ee e0f0      	LDI  R31,0
0000ef 5ae0      	SUBI R30,LOW(-_password)
0000f0 4ffd      	SBCI R31,HIGH(-_password)
0000f1 81e0      	LD   R30,Z
0000f2 17ea      	CP   R30,R26
0000f3 9508      	RET
                 
                 ;OPTIMIZER ADDED SUBROUTINE, CALLED 5 TIMES, CODE SIZE REDUCTION:5 WORDS
                 SUBOPT_0x1:
0000f4 e1a4      	LDI  R26,LOW(20)
0000f5 e0b0      	LDI  R27,0
0000f6 940c 00f8 	JMP  _delay_ms
                 
                 
                 	.CSEG
                 _delay_ms:
0000f8 9610      	adiw r26,0
0000f9 f039      	breq __delay_ms1
                 __delay_ms0:
0000fa 95a8      	wdr
                +
0000fb ec8d     +LDI R24 , LOW ( 0xACD )
0000fc e09a     +LDI R25 , HIGH ( 0xACD )
                +__DELAY_USW_LOOP :
0000fd 9701     +SBIW R24 , 1
0000fe f7f1     +BRNE __DELAY_USW_LOOP
                 	__DELAY_USW 0xACD
0000ff 9711      	sbiw r26,1
000100 f7c9      	brne __delay_ms0
                 __delay_ms1:
000101 9508      	ret
                 
                 ;END OF CODE MARKER
                 __END_OF_CODE:


RESOURCE USE INFORMATION
------------------------

Notice:
The register and instruction counts are symbol table hit counts,
and hence implicitly used resources are not counted, eg, the
'lpm' instruction without operands implicitly uses r0 and z,
none of which are counted.

x,y,z are separate entities in the symbol table and are
counted separately from r26..r31 here.

.dseg memory usage only counts static data declared with .byte

ATmega32A register use summary:
r0 :   4 r1 :   1 r2 :   0 r3 :   0 r4 :   7 r5 :   7 r6 :   5 r7 :   5 
r8 :   0 r9 :   9 r10:   0 r11:   0 r12:   0 r13:   0 r14:   0 r15:   0 
r16:   0 r17:   0 r18:   0 r19:   0 r20:   0 r21:   0 r22:   2 r23:   0 
r24:   9 r25:   3 r26:  18 r27:   5 r28:   1 r29:   1 r30:  51 r31:  17 
x  :   3 y  :   0 z  :  12 
Registers used: 18 out of 35 (51.4%)

ATmega32A instruction use summary:
.lds  :   0 .lds.l:   0 .sts  :   0 .sts.l:   0 adc   :   0 add   :   0 
adiw  :   1 and   :   0 andi  :   0 asr   :   0 bclr  :   0 bld   :   0 
brbc  :   0 brbs  :   0 brcc  :   0 brcs  :   0 break :   0 breq  :   3 
brge  :   0 brhc  :   0 brhs  :   0 brid  :   0 brie  :   0 brlo  :   2 
brlt  :   0 brmi  :   0 brne  :   9 brpl  :   0 brsh  :   3 brtc  :   0 
brts  :   0 brvc  :   0 brvs  :   0 bset  :   0 bst   :   0 call  :   2 
cbi   :   5 cbr   :   0 clc   :   0 clh   :   0 cli   :   1 cln   :   0 
clr   :  11 cls   :   0 clt   :   0 clv   :   0 clz   :   0 com   :   0 
cp    :   8 cpc   :   0 cpi   :   0 cpse  :   0 dec   :   1 des   :   0 
eor   :   0 fmul  :   0 fmuls :   0 fmulsu:   0 icall :   0 ijmp  :   0 
in    :   0 inc   :   5 jmp   :  23 ld    :   2 ldd   :   0 ldi   :  43 
lds   :   0 lpm   :   7 lsl   :   0 lsr   :   0 mov   :   9 movw  :   3 
mul   :   0 muls  :   0 mulsu :   0 neg   :   0 nop   :   0 or    :   0 
ori   :   0 out   :   9 pop   :   0 push  :   0 rcall :   7 ret   :   2 
reti  :   0 rjmp  :  23 rol   :   0 ror   :   0 sbc   :   0 sbci  :   7 
sbi   :   6 sbic  :   1 sbis  :   7 sbiw  :   5 sbr   :   0 sbrc  :   0 
sbrs  :   0 sec   :   0 seh   :   0 sei   :   0 sen   :   0 ser   :   0 
ses   :   0 set   :   0 sev   :   0 sez   :   0 sleep :   0 spm   :   0 
st    :   3 std   :   3 sts   :   0 sub   :   0 subi  :   7 swap  :   0 
tst   :   1 wdr   :   1 
Instructions used: 32 out of 116 (27.6%)

ATmega32A memory use summary [bytes]:
Segment   Begin    End      Code   Data   Used    Size   Use%
---------------------------------------------------------------
[.cseg] 0x000000 0x000204    490     26    516   32768   1.6%
[.dseg] 0x000060 0x00026c      0     12     12    2048   0.6%
[.eseg] 0x000000 0x000000      0      0      0    1024   0.0%

Assembly complete, 0 errors, 5 warnings
